ARM GAS  C:\Users\wzh\AppData\Local\Temp\ccfSE9Ab.s 			page 1


   1              		.cpu cortex-m0
   2              		.fpu softvfp
   3              		.eabi_attribute 20, 1
   4              		.eabi_attribute 21, 1
   5              		.eabi_attribute 23, 3
   6              		.eabi_attribute 24, 1
   7              		.eabi_attribute 25, 1
   8              		.eabi_attribute 26, 1
   9              		.eabi_attribute 30, 6
  10              		.eabi_attribute 34, 0
  11              		.eabi_attribute 18, 4
  12              		.code	16
  13              		.file	"debug.c"
  14              		.text
  15              	.Ltext0:
  16              		.cfi_sections	.debug_frame
  17              		.section	.text._write,"ax",%progbits
  18              		.align	2
  19              		.global	_write
  20              		.code	16
  21              		.thumb_func
  22              		.type	_write, %function
  23              	_write:
  24              	.LFB35:
  25              		.file 1 ".\\debug.c"
   1:.\debug.c     **** /*******************************************************************************
   2:.\debug.c     **** * File Name: debug.c
   3:.\debug.c     **** *
   4:.\debug.c     **** * Version: 1.0
   5:.\debug.c     **** *
   6:.\debug.c     **** * Description:
   7:.\debug.c     **** *  This file contains functions for printf functionality.
   8:.\debug.c     **** *
   9:.\debug.c     **** * Hardware Dependency:
  10:.\debug.c     **** *  CY8CKIT-042 BLE
  11:.\debug.c     **** * 
  12:.\debug.c     **** ********************************************************************************
  13:.\debug.c     **** * Copyright 2014, Cypress Semiconductor Corporation.  All rights reserved.
  14:.\debug.c     **** * You may use this file only in accordance with the license, terms, conditions,
  15:.\debug.c     **** * disclaimers, and limitations in the end user license agreement accompanying
  16:.\debug.c     **** * the software package with which this file was provided.
  17:.\debug.c     **** *******************************************************************************/
  18:.\debug.c     **** 
  19:.\debug.c     **** 
  20:.\debug.c     **** #include <project.h>
  21:.\debug.c     **** #include <stdio.h>
  22:.\debug.c     **** //#include "common.h"
  23:.\debug.c     **** 
  24:.\debug.c     **** 
  25:.\debug.c     **** #if defined(__ARMCC_VERSION)
  26:.\debug.c     ****     
  27:.\debug.c     **** /* For MDK/RVDS compiler revise fputc function for printf functionality */
  28:.\debug.c     **** struct __FILE 
  29:.\debug.c     **** {
  30:.\debug.c     ****     int handle;  
  31:.\debug.c     **** };
  32:.\debug.c     **** 
ARM GAS  C:\Users\wzh\AppData\Local\Temp\ccfSE9Ab.s 			page 2


  33:.\debug.c     **** enum 
  34:.\debug.c     **** {
  35:.\debug.c     ****     STDIN_HANDLE,
  36:.\debug.c     ****     STDOUT_HANDLE,
  37:.\debug.c     ****     STDERR_HANDLE
  38:.\debug.c     **** };
  39:.\debug.c     **** 
  40:.\debug.c     **** FILE __stdin = {STDIN_HANDLE};
  41:.\debug.c     **** FILE __stdout = {STDOUT_HANDLE};
  42:.\debug.c     **** FILE __stderr = {STDERR_HANDLE};
  43:.\debug.c     **** 
  44:.\debug.c     **** int fputc(int ch, FILE *file) 
  45:.\debug.c     **** {
  46:.\debug.c     ****     int ret = EOF;
  47:.\debug.c     **** 
  48:.\debug.c     ****     switch( file->handle )
  49:.\debug.c     ****     {
  50:.\debug.c     ****         case STDOUT_HANDLE:
  51:.\debug.c     ****             UART_DEB_UartPutChar(ch);
  52:.\debug.c     ****             ret = ch ;
  53:.\debug.c     ****             break ;
  54:.\debug.c     **** 
  55:.\debug.c     ****         case STDERR_HANDLE:
  56:.\debug.c     ****             ret = ch ;
  57:.\debug.c     ****             break ;
  58:.\debug.c     **** 
  59:.\debug.c     ****         default:
  60:.\debug.c     ****             file = file;
  61:.\debug.c     ****             break ;
  62:.\debug.c     ****     }
  63:.\debug.c     ****     return ret ;
  64:.\debug.c     **** }
  65:.\debug.c     **** 
  66:.\debug.c     **** #elif defined (__ICCARM__)      /* IAR */
  67:.\debug.c     **** 
  68:.\debug.c     **** /* For IAR compiler revise __write() function for printf functionality */
  69:.\debug.c     **** size_t __write(int handle, const unsigned char * buffer, size_t size)
  70:.\debug.c     **** {
  71:.\debug.c     ****     size_t nChars = 0;
  72:.\debug.c     **** 
  73:.\debug.c     ****     if (buffer == 0)
  74:.\debug.c     ****     {
  75:.\debug.c     ****         /*
  76:.\debug.c     ****          * This means that we should flush internal buffers.  Since we
  77:.\debug.c     ****          * don't we just return.  (Remember, "handle" == -1 means that all
  78:.\debug.c     ****          * handles should be flushed.)
  79:.\debug.c     ****          */
  80:.\debug.c     ****         return (0);
  81:.\debug.c     ****     }
  82:.\debug.c     **** 
  83:.\debug.c     ****     for (/* Empty */; size != 0; --size)
  84:.\debug.c     ****     {
  85:.\debug.c     ****         UART_DEB_UartPutChar(*buffer++);
  86:.\debug.c     ****         ++nChars;
  87:.\debug.c     ****     }
  88:.\debug.c     **** 
  89:.\debug.c     ****     return (nChars);
ARM GAS  C:\Users\wzh\AppData\Local\Temp\ccfSE9Ab.s 			page 3


  90:.\debug.c     **** }
  91:.\debug.c     **** 
  92:.\debug.c     **** #else  /* (__GNUC__)  GCC */
  93:.\debug.c     **** 
  94:.\debug.c     **** /* For GCC compiler revise _write() function for printf functionality */
  95:.\debug.c     **** int _write(int file, char *ptr, int len)
  96:.\debug.c     **** {
  26              		.loc 1 96 0
  27              		.cfi_startproc
  28 0000 80B5     		push	{r7, lr}
  29              		.cfi_def_cfa_offset 8
  30              		.cfi_offset 7, -8
  31              		.cfi_offset 14, -4
  32 0002 86B0     		sub	sp, sp, #24
  33              		.cfi_def_cfa_offset 32
  34 0004 00AF     		add	r7, sp, #0
  35              		.cfi_def_cfa_register 7
  36 0006 F860     		str	r0, [r7, #12]
  37 0008 B960     		str	r1, [r7, #8]
  38 000a 7A60     		str	r2, [r7, #4]
  97:.\debug.c     ****     int i;
  98:.\debug.c     ****     file = file;
  99:.\debug.c     ****     for (i = 0; i < len; i++)
  39              		.loc 1 99 0
  40 000c 0023     		mov	r3, #0
  41 000e 7B61     		str	r3, [r7, #20]
  42 0010 09E0     		b	.L2
  43              	.L3:
 100:.\debug.c     ****     {
 101:.\debug.c     ****         UART_DEB_UartPutChar(*ptr++);
  44              		.loc 1 101 0 discriminator 2
  45 0012 BB68     		ldr	r3, [r7, #8]
  46 0014 5A1C     		add	r2, r3, #1
  47 0016 BA60     		str	r2, [r7, #8]
  48 0018 1B78     		ldrb	r3, [r3]
  49 001a 181C     		mov	r0, r3
  50 001c FFF7FEFF 		bl	UART_DEB_SpiUartWriteTxData
  99:.\debug.c     ****     for (i = 0; i < len; i++)
  51              		.loc 1 99 0 discriminator 2
  52 0020 7B69     		ldr	r3, [r7, #20]
  53 0022 0133     		add	r3, r3, #1
  54 0024 7B61     		str	r3, [r7, #20]
  55              	.L2:
  99:.\debug.c     ****     for (i = 0; i < len; i++)
  56              		.loc 1 99 0 is_stmt 0 discriminator 1
  57 0026 7A69     		ldr	r2, [r7, #20]
  58 0028 7B68     		ldr	r3, [r7, #4]
  59 002a 9A42     		cmp	r2, r3
  60 002c F1DB     		blt	.L3
 102:.\debug.c     ****     }
 103:.\debug.c     ****     return len;
  61              		.loc 1 103 0 is_stmt 1
  62 002e 7B68     		ldr	r3, [r7, #4]
 104:.\debug.c     **** }
  63              		.loc 1 104 0
  64 0030 181C     		mov	r0, r3
  65 0032 BD46     		mov	sp, r7
ARM GAS  C:\Users\wzh\AppData\Local\Temp\ccfSE9Ab.s 			page 4


  66 0034 06B0     		add	sp, sp, #24
  67              		@ sp needed
  68 0036 80BD     		pop	{r7, pc}
  69              		.cfi_endproc
  70              	.LFE35:
  71              		.size	_write, .-_write
  72              		.section	.text.Set32ByPtr,"ax",%progbits
  73              		.align	2
  74              		.global	Set32ByPtr
  75              		.code	16
  76              		.thumb_func
  77              		.type	Set32ByPtr, %function
  78              	Set32ByPtr:
  79              	.LFB36:
 105:.\debug.c     **** 
 106:.\debug.c     **** 
 107:.\debug.c     **** #endif  /* (__ARMCC_VERSION) */   
 108:.\debug.c     **** 
 109:.\debug.c     **** /*
 110:.\debug.c     **** void ShowValue(CYBLE_GATT_VALUE_T *value)
 111:.\debug.c     **** {
 112:.\debug.c     ****     int16 i;
 113:.\debug.c     ****     
 114:.\debug.c     ****     for(i = 0; i < value->len; i++)
 115:.\debug.c     ****     {
 116:.\debug.c     ****         printf("%2.2x ", value->val[i]);
 117:.\debug.c     ****     }
 118:.\debug.c     ****     printf("\r\n");
 119:.\debug.c     **** }
 120:.\debug.c     **** 
 121:.\debug.c     **** */
 122:.\debug.c     **** void Set32ByPtr(uint8 ptr[], uint32 value)
 123:.\debug.c     **** {
  80              		.loc 1 123 0
  81              		.cfi_startproc
  82 0000 80B5     		push	{r7, lr}
  83              		.cfi_def_cfa_offset 8
  84              		.cfi_offset 7, -8
  85              		.cfi_offset 14, -4
  86 0002 82B0     		sub	sp, sp, #8
  87              		.cfi_def_cfa_offset 16
  88 0004 00AF     		add	r7, sp, #0
  89              		.cfi_def_cfa_register 7
  90 0006 7860     		str	r0, [r7, #4]
  91 0008 3960     		str	r1, [r7]
 124:.\debug.c     ****     ptr[0u] = (uint8) value;
  92              		.loc 1 124 0
  93 000a 3B68     		ldr	r3, [r7]
  94 000c DAB2     		uxtb	r2, r3
  95 000e 7B68     		ldr	r3, [r7, #4]
  96 0010 1A70     		strb	r2, [r3]
 125:.\debug.c     ****     ptr[1u] = (uint8) (value >> 8u);    
  97              		.loc 1 125 0
  98 0012 7B68     		ldr	r3, [r7, #4]
  99 0014 0133     		add	r3, r3, #1
 100 0016 3A68     		ldr	r2, [r7]
 101 0018 120A     		lsr	r2, r2, #8
ARM GAS  C:\Users\wzh\AppData\Local\Temp\ccfSE9Ab.s 			page 5


 102 001a D2B2     		uxtb	r2, r2
 103 001c 1A70     		strb	r2, [r3]
 126:.\debug.c     ****     ptr[2u] = (uint8) (value >> 16u);    
 104              		.loc 1 126 0
 105 001e 7B68     		ldr	r3, [r7, #4]
 106 0020 0233     		add	r3, r3, #2
 107 0022 3A68     		ldr	r2, [r7]
 108 0024 120C     		lsr	r2, r2, #16
 109 0026 D2B2     		uxtb	r2, r2
 110 0028 1A70     		strb	r2, [r3]
 127:.\debug.c     ****     ptr[3u] = (uint8) (value >> 24u);
 111              		.loc 1 127 0
 112 002a 7B68     		ldr	r3, [r7, #4]
 113 002c 0333     		add	r3, r3, #3
 114 002e 3A68     		ldr	r2, [r7]
 115 0030 120E     		lsr	r2, r2, #24
 116 0032 D2B2     		uxtb	r2, r2
 117 0034 1A70     		strb	r2, [r3]
 128:.\debug.c     **** }
 118              		.loc 1 128 0
 119 0036 BD46     		mov	sp, r7
 120 0038 02B0     		add	sp, sp, #8
 121              		@ sp needed
 122 003a 80BD     		pop	{r7, pc}
 123              		.cfi_endproc
 124              	.LFE36:
 125              		.size	Set32ByPtr, .-Set32ByPtr
 126              		.text
 127              	.Letext0:
 128              		.file 2 ".\\Generated_Source\\PSoC4/cytypes.h"
 129              		.section	.debug_info,"",%progbits
 130              	.Ldebug_info0:
 131 0000 24010000 		.4byte	0x124
 132 0004 0400     		.2byte	0x4
 133 0006 00000000 		.4byte	.Ldebug_abbrev0
 134 000a 04       		.byte	0x4
 135 000b 01       		.uleb128 0x1
 136 000c A4000000 		.4byte	.LASF17
 137 0010 01       		.byte	0x1
 138 0011 27000000 		.4byte	.LASF18
 139 0015 66000000 		.4byte	.LASF19
 140 0019 00000000 		.4byte	.Ldebug_ranges0+0
 141 001d 00000000 		.4byte	0
 142 0021 00000000 		.4byte	.Ldebug_line0
 143 0025 02       		.uleb128 0x2
 144 0026 01       		.byte	0x1
 145 0027 06       		.byte	0x6
 146 0028 67010000 		.4byte	.LASF0
 147 002c 02       		.uleb128 0x2
 148 002d 01       		.byte	0x1
 149 002e 08       		.byte	0x8
 150 002f 27010000 		.4byte	.LASF1
 151 0033 02       		.uleb128 0x2
 152 0034 02       		.byte	0x2
 153 0035 05       		.byte	0x5
 154 0036 43010000 		.4byte	.LASF2
 155 003a 02       		.uleb128 0x2
ARM GAS  C:\Users\wzh\AppData\Local\Temp\ccfSE9Ab.s 			page 6


 156 003b 02       		.byte	0x2
 157 003c 07       		.byte	0x7
 158 003d 54010000 		.4byte	.LASF3
 159 0041 02       		.uleb128 0x2
 160 0042 04       		.byte	0x4
 161 0043 05       		.byte	0x5
 162 0044 3A010000 		.4byte	.LASF4
 163 0048 02       		.uleb128 0x2
 164 0049 04       		.byte	0x4
 165 004a 07       		.byte	0x7
 166 004b 37000000 		.4byte	.LASF5
 167 004f 02       		.uleb128 0x2
 168 0050 08       		.byte	0x8
 169 0051 05       		.byte	0x5
 170 0052 00000000 		.4byte	.LASF6
 171 0056 02       		.uleb128 0x2
 172 0057 08       		.byte	0x8
 173 0058 07       		.byte	0x7
 174 0059 49000000 		.4byte	.LASF7
 175 005d 03       		.uleb128 0x3
 176 005e 04       		.byte	0x4
 177 005f 05       		.byte	0x5
 178 0060 696E7400 		.ascii	"int\000"
 179 0064 02       		.uleb128 0x2
 180 0065 04       		.byte	0x4
 181 0066 07       		.byte	0x7
 182 0067 15000000 		.4byte	.LASF8
 183 006b 04       		.uleb128 0x4
 184 006c 31000000 		.4byte	.LASF9
 185 0070 02       		.byte	0x2
 186 0071 A1       		.byte	0xa1
 187 0072 2C000000 		.4byte	0x2c
 188 0076 04       		.uleb128 0x4
 189 0077 0E000000 		.4byte	.LASF10
 190 007b 02       		.byte	0x2
 191 007c A3       		.byte	0xa3
 192 007d 48000000 		.4byte	0x48
 193 0081 02       		.uleb128 0x2
 194 0082 04       		.byte	0x4
 195 0083 04       		.byte	0x4
 196 0084 60000000 		.4byte	.LASF11
 197 0088 02       		.uleb128 0x2
 198 0089 08       		.byte	0x8
 199 008a 04       		.byte	0x4
 200 008b 4D010000 		.4byte	.LASF12
 201 008f 02       		.uleb128 0x2
 202 0090 01       		.byte	0x1
 203 0091 08       		.byte	0x8
 204 0092 35010000 		.4byte	.LASF13
 205 0096 02       		.uleb128 0x2
 206 0097 04       		.byte	0x4
 207 0098 07       		.byte	0x7
 208 0099 84010000 		.4byte	.LASF14
 209 009d 05       		.uleb128 0x5
 210 009e 04       		.byte	0x4
 211 009f 8F000000 		.4byte	0x8f
 212 00a3 05       		.uleb128 0x5
ARM GAS  C:\Users\wzh\AppData\Local\Temp\ccfSE9Ab.s 			page 7


 213 00a4 04       		.byte	0x4
 214 00a5 6B000000 		.4byte	0x6b
 215 00a9 06       		.uleb128 0x6
 216 00aa 20010000 		.4byte	.LASF20
 217 00ae 01       		.byte	0x1
 218 00af 5F       		.byte	0x5f
 219 00b0 5D000000 		.4byte	0x5d
 220 00b4 00000000 		.4byte	.LFB35
 221 00b8 38000000 		.4byte	.LFE35-.LFB35
 222 00bc 01       		.uleb128 0x1
 223 00bd 9C       		.byte	0x9c
 224 00be F9000000 		.4byte	0xf9
 225 00c2 07       		.uleb128 0x7
 226 00c3 22000000 		.4byte	.LASF15
 227 00c7 01       		.byte	0x1
 228 00c8 5F       		.byte	0x5f
 229 00c9 5D000000 		.4byte	0x5d
 230 00cd 02       		.uleb128 0x2
 231 00ce 91       		.byte	0x91
 232 00cf 6C       		.sleb128 -20
 233 00d0 08       		.uleb128 0x8
 234 00d1 70747200 		.ascii	"ptr\000"
 235 00d5 01       		.byte	0x1
 236 00d6 5F       		.byte	0x5f
 237 00d7 9D000000 		.4byte	0x9d
 238 00db 02       		.uleb128 0x2
 239 00dc 91       		.byte	0x91
 240 00dd 68       		.sleb128 -24
 241 00de 08       		.uleb128 0x8
 242 00df 6C656E00 		.ascii	"len\000"
 243 00e3 01       		.byte	0x1
 244 00e4 5F       		.byte	0x5f
 245 00e5 5D000000 		.4byte	0x5d
 246 00e9 02       		.uleb128 0x2
 247 00ea 91       		.byte	0x91
 248 00eb 64       		.sleb128 -28
 249 00ec 09       		.uleb128 0x9
 250 00ed 6900     		.ascii	"i\000"
 251 00ef 01       		.byte	0x1
 252 00f0 61       		.byte	0x61
 253 00f1 5D000000 		.4byte	0x5d
 254 00f5 02       		.uleb128 0x2
 255 00f6 91       		.byte	0x91
 256 00f7 74       		.sleb128 -12
 257 00f8 00       		.byte	0
 258 00f9 0A       		.uleb128 0xa
 259 00fa 79010000 		.4byte	.LASF21
 260 00fe 01       		.byte	0x1
 261 00ff 7A       		.byte	0x7a
 262 0100 00000000 		.4byte	.LFB36
 263 0104 3C000000 		.4byte	.LFE36-.LFB36
 264 0108 01       		.uleb128 0x1
 265 0109 9C       		.byte	0x9c
 266 010a 08       		.uleb128 0x8
 267 010b 70747200 		.ascii	"ptr\000"
 268 010f 01       		.byte	0x1
 269 0110 7A       		.byte	0x7a
ARM GAS  C:\Users\wzh\AppData\Local\Temp\ccfSE9Ab.s 			page 8


 270 0111 A3000000 		.4byte	0xa3
 271 0115 02       		.uleb128 0x2
 272 0116 91       		.byte	0x91
 273 0117 74       		.sleb128 -12
 274 0118 07       		.uleb128 0x7
 275 0119 73010000 		.4byte	.LASF16
 276 011d 01       		.byte	0x1
 277 011e 7A       		.byte	0x7a
 278 011f 76000000 		.4byte	0x76
 279 0123 02       		.uleb128 0x2
 280 0124 91       		.byte	0x91
 281 0125 70       		.sleb128 -16
 282 0126 00       		.byte	0
 283 0127 00       		.byte	0
 284              		.section	.debug_abbrev,"",%progbits
 285              	.Ldebug_abbrev0:
 286 0000 01       		.uleb128 0x1
 287 0001 11       		.uleb128 0x11
 288 0002 01       		.byte	0x1
 289 0003 25       		.uleb128 0x25
 290 0004 0E       		.uleb128 0xe
 291 0005 13       		.uleb128 0x13
 292 0006 0B       		.uleb128 0xb
 293 0007 03       		.uleb128 0x3
 294 0008 0E       		.uleb128 0xe
 295 0009 1B       		.uleb128 0x1b
 296 000a 0E       		.uleb128 0xe
 297 000b 55       		.uleb128 0x55
 298 000c 17       		.uleb128 0x17
 299 000d 11       		.uleb128 0x11
 300 000e 01       		.uleb128 0x1
 301 000f 10       		.uleb128 0x10
 302 0010 17       		.uleb128 0x17
 303 0011 00       		.byte	0
 304 0012 00       		.byte	0
 305 0013 02       		.uleb128 0x2
 306 0014 24       		.uleb128 0x24
 307 0015 00       		.byte	0
 308 0016 0B       		.uleb128 0xb
 309 0017 0B       		.uleb128 0xb
 310 0018 3E       		.uleb128 0x3e
 311 0019 0B       		.uleb128 0xb
 312 001a 03       		.uleb128 0x3
 313 001b 0E       		.uleb128 0xe
 314 001c 00       		.byte	0
 315 001d 00       		.byte	0
 316 001e 03       		.uleb128 0x3
 317 001f 24       		.uleb128 0x24
 318 0020 00       		.byte	0
 319 0021 0B       		.uleb128 0xb
 320 0022 0B       		.uleb128 0xb
 321 0023 3E       		.uleb128 0x3e
 322 0024 0B       		.uleb128 0xb
 323 0025 03       		.uleb128 0x3
 324 0026 08       		.uleb128 0x8
 325 0027 00       		.byte	0
 326 0028 00       		.byte	0
ARM GAS  C:\Users\wzh\AppData\Local\Temp\ccfSE9Ab.s 			page 9


 327 0029 04       		.uleb128 0x4
 328 002a 16       		.uleb128 0x16
 329 002b 00       		.byte	0
 330 002c 03       		.uleb128 0x3
 331 002d 0E       		.uleb128 0xe
 332 002e 3A       		.uleb128 0x3a
 333 002f 0B       		.uleb128 0xb
 334 0030 3B       		.uleb128 0x3b
 335 0031 0B       		.uleb128 0xb
 336 0032 49       		.uleb128 0x49
 337 0033 13       		.uleb128 0x13
 338 0034 00       		.byte	0
 339 0035 00       		.byte	0
 340 0036 05       		.uleb128 0x5
 341 0037 0F       		.uleb128 0xf
 342 0038 00       		.byte	0
 343 0039 0B       		.uleb128 0xb
 344 003a 0B       		.uleb128 0xb
 345 003b 49       		.uleb128 0x49
 346 003c 13       		.uleb128 0x13
 347 003d 00       		.byte	0
 348 003e 00       		.byte	0
 349 003f 06       		.uleb128 0x6
 350 0040 2E       		.uleb128 0x2e
 351 0041 01       		.byte	0x1
 352 0042 3F       		.uleb128 0x3f
 353 0043 19       		.uleb128 0x19
 354 0044 03       		.uleb128 0x3
 355 0045 0E       		.uleb128 0xe
 356 0046 3A       		.uleb128 0x3a
 357 0047 0B       		.uleb128 0xb
 358 0048 3B       		.uleb128 0x3b
 359 0049 0B       		.uleb128 0xb
 360 004a 27       		.uleb128 0x27
 361 004b 19       		.uleb128 0x19
 362 004c 49       		.uleb128 0x49
 363 004d 13       		.uleb128 0x13
 364 004e 11       		.uleb128 0x11
 365 004f 01       		.uleb128 0x1
 366 0050 12       		.uleb128 0x12
 367 0051 06       		.uleb128 0x6
 368 0052 40       		.uleb128 0x40
 369 0053 18       		.uleb128 0x18
 370 0054 9642     		.uleb128 0x2116
 371 0056 19       		.uleb128 0x19
 372 0057 01       		.uleb128 0x1
 373 0058 13       		.uleb128 0x13
 374 0059 00       		.byte	0
 375 005a 00       		.byte	0
 376 005b 07       		.uleb128 0x7
 377 005c 05       		.uleb128 0x5
 378 005d 00       		.byte	0
 379 005e 03       		.uleb128 0x3
 380 005f 0E       		.uleb128 0xe
 381 0060 3A       		.uleb128 0x3a
 382 0061 0B       		.uleb128 0xb
 383 0062 3B       		.uleb128 0x3b
ARM GAS  C:\Users\wzh\AppData\Local\Temp\ccfSE9Ab.s 			page 10


 384 0063 0B       		.uleb128 0xb
 385 0064 49       		.uleb128 0x49
 386 0065 13       		.uleb128 0x13
 387 0066 02       		.uleb128 0x2
 388 0067 18       		.uleb128 0x18
 389 0068 00       		.byte	0
 390 0069 00       		.byte	0
 391 006a 08       		.uleb128 0x8
 392 006b 05       		.uleb128 0x5
 393 006c 00       		.byte	0
 394 006d 03       		.uleb128 0x3
 395 006e 08       		.uleb128 0x8
 396 006f 3A       		.uleb128 0x3a
 397 0070 0B       		.uleb128 0xb
 398 0071 3B       		.uleb128 0x3b
 399 0072 0B       		.uleb128 0xb
 400 0073 49       		.uleb128 0x49
 401 0074 13       		.uleb128 0x13
 402 0075 02       		.uleb128 0x2
 403 0076 18       		.uleb128 0x18
 404 0077 00       		.byte	0
 405 0078 00       		.byte	0
 406 0079 09       		.uleb128 0x9
 407 007a 34       		.uleb128 0x34
 408 007b 00       		.byte	0
 409 007c 03       		.uleb128 0x3
 410 007d 08       		.uleb128 0x8
 411 007e 3A       		.uleb128 0x3a
 412 007f 0B       		.uleb128 0xb
 413 0080 3B       		.uleb128 0x3b
 414 0081 0B       		.uleb128 0xb
 415 0082 49       		.uleb128 0x49
 416 0083 13       		.uleb128 0x13
 417 0084 02       		.uleb128 0x2
 418 0085 18       		.uleb128 0x18
 419 0086 00       		.byte	0
 420 0087 00       		.byte	0
 421 0088 0A       		.uleb128 0xa
 422 0089 2E       		.uleb128 0x2e
 423 008a 01       		.byte	0x1
 424 008b 3F       		.uleb128 0x3f
 425 008c 19       		.uleb128 0x19
 426 008d 03       		.uleb128 0x3
 427 008e 0E       		.uleb128 0xe
 428 008f 3A       		.uleb128 0x3a
 429 0090 0B       		.uleb128 0xb
 430 0091 3B       		.uleb128 0x3b
 431 0092 0B       		.uleb128 0xb
 432 0093 27       		.uleb128 0x27
 433 0094 19       		.uleb128 0x19
 434 0095 11       		.uleb128 0x11
 435 0096 01       		.uleb128 0x1
 436 0097 12       		.uleb128 0x12
 437 0098 06       		.uleb128 0x6
 438 0099 40       		.uleb128 0x40
 439 009a 18       		.uleb128 0x18
 440 009b 9742     		.uleb128 0x2117
ARM GAS  C:\Users\wzh\AppData\Local\Temp\ccfSE9Ab.s 			page 11


 441 009d 19       		.uleb128 0x19
 442 009e 00       		.byte	0
 443 009f 00       		.byte	0
 444 00a0 00       		.byte	0
 445              		.section	.debug_aranges,"",%progbits
 446 0000 24000000 		.4byte	0x24
 447 0004 0200     		.2byte	0x2
 448 0006 00000000 		.4byte	.Ldebug_info0
 449 000a 04       		.byte	0x4
 450 000b 00       		.byte	0
 451 000c 0000     		.2byte	0
 452 000e 0000     		.2byte	0
 453 0010 00000000 		.4byte	.LFB35
 454 0014 38000000 		.4byte	.LFE35-.LFB35
 455 0018 00000000 		.4byte	.LFB36
 456 001c 3C000000 		.4byte	.LFE36-.LFB36
 457 0020 00000000 		.4byte	0
 458 0024 00000000 		.4byte	0
 459              		.section	.debug_ranges,"",%progbits
 460              	.Ldebug_ranges0:
 461 0000 00000000 		.4byte	.LFB35
 462 0004 38000000 		.4byte	.LFE35
 463 0008 00000000 		.4byte	.LFB36
 464 000c 3C000000 		.4byte	.LFE36
 465 0010 00000000 		.4byte	0
 466 0014 00000000 		.4byte	0
 467              		.section	.debug_line,"",%progbits
 468              	.Ldebug_line0:
 469 0000 85000000 		.section	.debug_str,"MS",%progbits,1
 469      02004600 
 469      00000201 
 469      FB0E0D00 
 469      01010101 
 470              	.LASF6:
 471 0000 6C6F6E67 		.ascii	"long long int\000"
 471      206C6F6E 
 471      6720696E 
 471      7400
 472              	.LASF10:
 473 000e 75696E74 		.ascii	"uint32\000"
 473      333200
 474              	.LASF8:
 475 0015 756E7369 		.ascii	"unsigned int\000"
 475      676E6564 
 475      20696E74 
 475      00
 476              	.LASF15:
 477 0022 66696C65 		.ascii	"file\000"
 477      00
 478              	.LASF18:
 479 0027 2E5C6465 		.ascii	".\\debug.c\000"
 479      6275672E 
 479      6300
 480              	.LASF9:
 481 0031 75696E74 		.ascii	"uint8\000"
 481      3800
 482              	.LASF5:
ARM GAS  C:\Users\wzh\AppData\Local\Temp\ccfSE9Ab.s 			page 12


 483 0037 6C6F6E67 		.ascii	"long unsigned int\000"
 483      20756E73 
 483      69676E65 
 483      6420696E 
 483      7400
 484              	.LASF7:
 485 0049 6C6F6E67 		.ascii	"long long unsigned int\000"
 485      206C6F6E 
 485      6720756E 
 485      7369676E 
 485      65642069 
 486              	.LASF11:
 487 0060 666C6F61 		.ascii	"float\000"
 487      7400
 488              	.LASF19:
 489 0066 433A5C55 		.ascii	"C:\\Users\\wzh\\Desktop\\Gucose_monitor\\BLE_Batter"
 489      73657273 
 489      5C777A68 
 489      5C446573 
 489      6B746F70 
 490 0094 795F4C65 		.ascii	"y_Level01.cydsn\000"
 490      76656C30 
 490      312E6379 
 490      64736E00 
 491              	.LASF17:
 492 00a4 474E5520 		.ascii	"GNU C 4.8.4 20140526 (release) [ARM/embedded-4_8-br"
 492      4320342E 
 492      382E3420 
 492      32303134 
 492      30353236 
 493 00d7 616E6368 		.ascii	"anch revision 211358] -mcpu=cortex-m0 -mthumb -g -O"
 493      20726576 
 493      6973696F 
 493      6E203231 
 493      31333538 
 494 010a 30202D66 		.ascii	"0 -ffunction-sections\000"
 494      66756E63 
 494      74696F6E 
 494      2D736563 
 494      74696F6E 
 495              	.LASF20:
 496 0120 5F777269 		.ascii	"_write\000"
 496      746500
 497              	.LASF1:
 498 0127 756E7369 		.ascii	"unsigned char\000"
 498      676E6564 
 498      20636861 
 498      7200
 499              	.LASF13:
 500 0135 63686172 		.ascii	"char\000"
 500      00
 501              	.LASF4:
 502 013a 6C6F6E67 		.ascii	"long int\000"
 502      20696E74 
 502      00
 503              	.LASF2:
 504 0143 73686F72 		.ascii	"short int\000"
ARM GAS  C:\Users\wzh\AppData\Local\Temp\ccfSE9Ab.s 			page 13


 504      7420696E 
 504      7400
 505              	.LASF12:
 506 014d 646F7562 		.ascii	"double\000"
 506      6C6500
 507              	.LASF3:
 508 0154 73686F72 		.ascii	"short unsigned int\000"
 508      7420756E 
 508      7369676E 
 508      65642069 
 508      6E7400
 509              	.LASF0:
 510 0167 7369676E 		.ascii	"signed char\000"
 510      65642063 
 510      68617200 
 511              	.LASF16:
 512 0173 76616C75 		.ascii	"value\000"
 512      6500
 513              	.LASF21:
 514 0179 53657433 		.ascii	"Set32ByPtr\000"
 514      32427950 
 514      747200
 515              	.LASF14:
 516 0184 73697A65 		.ascii	"sizetype\000"
 516      74797065 
 516      00
 517              		.ident	"GCC: (GNU Tools for ARM Embedded Processors) 4.8.4 20140526 (release) [ARM/embedded-4_8-br
