ARM GAS  C:\Users\wzh\AppData\Local\Temp\ccVtecdE.s 			page 1


   1              		.cpu cortex-m0
   2              		.fpu softvfp
   3              		.eabi_attribute 20, 1
   4              		.eabi_attribute 21, 1
   5              		.eabi_attribute 23, 3
   6              		.eabi_attribute 24, 1
   7              		.eabi_attribute 25, 1
   8              		.eabi_attribute 26, 1
   9              		.eabi_attribute 30, 6
  10              		.eabi_attribute 34, 0
  11              		.eabi_attribute 18, 4
  12              		.code	16
  13              		.file	"main.c"
  14              		.text
  15              	.Ltext0:
  16              		.cfi_sections	.debug_frame
  17              		.comm	g_rx,1,1
  18              		.comm	g_int_flag,1,1
  19              		.section	.text.Uart_Rx_Interrput,"ax",%progbits
  20              		.align	2
  21              		.global	Uart_Rx_Interrput
  22              		.code	16
  23              		.thumb_func
  24              		.type	Uart_Rx_Interrput, %function
  25              	Uart_Rx_Interrput:
  26              	.LFB35:
  27              		.file 1 ".\\main.c"
   1:.\main.c      **** /*******************************************************************************
   2:.\main.c      **** * File Name: main.c
   3:.\main.c      **** *
   4:.\main.c      **** * Version: 1.0
   5:.\main.c      **** *
   6:.\main.c      **** * Description:
   7:.\main.c      **** *  BLE example project that measures the battery voltage using PSoC 4 BLE's 
   8:.\main.c      **** *  internal ADC and notifies the BLE central device on any change in battery 
   9:.\main.c      **** *  voltage.
  10:.\main.c      **** *
  11:.\main.c      **** * Note:
  12:.\main.c      **** *
  13:.\main.c      **** * Hardware Dependency:
  14:.\main.c      **** *  CY8CKIT-042 BLE
  15:.\main.c      **** * 
  16:.\main.c      **** ********************************************************************************
  17:.\main.c      **** * Copyright 2014, Cypress Semiconductor Corporation.  All rights reserved.
  18:.\main.c      **** * You may use this file only in accordance with the license, terms, conditions,
  19:.\main.c      **** * disclaimers, and limitations in the end user license agreement accompanying
  20:.\main.c      **** * the software package with which this file was provided.
  21:.\main.c      **** *******************************************************************************/
  22:.\main.c      **** 
  23:.\main.c      **** #include "common.h"
  24:.\main.c      **** 
  25:.\main.c      **** uint8 g_rx,g_int_flag;
  26:.\main.c      **** 
  27:.\main.c      **** void Uart_Rx_Interrput(void)
  28:.\main.c      **** {
  28              		.loc 1 28 0
  29              		.cfi_startproc
ARM GAS  C:\Users\wzh\AppData\Local\Temp\ccVtecdE.s 			page 2


  30 0000 80B5     		push	{r7, lr}
  31              		.cfi_def_cfa_offset 8
  32              		.cfi_offset 7, -8
  33              		.cfi_offset 14, -4
  34 0002 00AF     		add	r7, sp, #0
  35              		.cfi_def_cfa_register 7
  29:.\main.c      ****      g_rx=(uint8)UART_DEB_SpiUartReadRxData();
  36              		.loc 1 29 0
  37 0004 FFF7FEFF 		bl	UART_DEB_SpiUartReadRxData
  38 0008 031C     		mov	r3, r0
  39 000a DAB2     		uxtb	r2, r3
  40 000c 054B     		ldr	r3, .L2
  41 000e 1A70     		strb	r2, [r3]
  30:.\main.c      ****    //g_num=UART_DEB_SpiUartGetRxBufferSize();
  31:.\main.c      ****      UART_DEB_ClearRxInterruptSource(UART_DEB_GetRxInterruptSource());
  42              		.loc 1 31 0
  43 0010 054B     		ldr	r3, .L2+4
  44 0012 054A     		ldr	r2, .L2+4
  45 0014 1268     		ldr	r2, [r2]
  46 0016 1A60     		str	r2, [r3]
  32:.\main.c      ****     //  UART_DEB_SCB_IRQ_ClearPending();
  33:.\main.c      ****     g_int_flag=1;
  47              		.loc 1 33 0
  48 0018 044B     		ldr	r3, .L2+8
  49 001a 0122     		mov	r2, #1
  50 001c 1A70     		strb	r2, [r3]
  34:.\main.c      **** }
  51              		.loc 1 34 0
  52 001e BD46     		mov	sp, r7
  53              		@ sp needed
  54 0020 80BD     		pop	{r7, pc}
  55              	.L3:
  56 0022 C046     		.align	2
  57              	.L2:
  58 0024 00000000 		.word	g_rx
  59 0028 C00F2440 		.word	1076105152
  60 002c 00000000 		.word	g_int_flag
  61              		.cfi_endproc
  62              	.LFE35:
  63              		.size	Uart_Rx_Interrput, .-Uart_Rx_Interrput
  64              		.section	.rodata
  65              		.align	2
  66              	.LC2:
  67 0000 424C4520 		.ascii	"BLE Battery Level Example Project \015\000"
  67      42617474 
  67      65727920 
  67      4C657665 
  67      6C204578 
  68              		.section	.text.main,"ax",%progbits
  69              		.align	2
  70              		.global	main
  71              		.code	16
  72              		.thumb_func
  73              		.type	main, %function
  74              	main:
  75              	.LFB36:
  35:.\main.c      **** 
ARM GAS  C:\Users\wzh\AppData\Local\Temp\ccVtecdE.s 			page 3


  36:.\main.c      **** 
  37:.\main.c      **** 
  38:.\main.c      **** int main()
  39:.\main.c      **** {
  76              		.loc 1 39 0
  77              		.cfi_startproc
  78 0000 80B5     		push	{r7, lr}
  79              		.cfi_def_cfa_offset 8
  80              		.cfi_offset 7, -8
  81              		.cfi_offset 14, -4
  82 0002 00AF     		add	r7, sp, #0
  83              		.cfi_def_cfa_register 7
  40:.\main.c      ****   
  41:.\main.c      ****     CyGlobalIntEnable;  
  84              		.loc 1 41 0
  85              	@ 41 ".\main.c" 1
  86 0004 62B6     		CPSIE   i
  87              	@ 0 "" 2
  42:.\main.c      ****     
  43:.\main.c      ****     UART_DEB_Start(); 
  88              		.loc 1 43 0
  89              		.code	16
  90 0006 FFF7FEFF 		bl	UART_DEB_Start
  44:.\main.c      ****     printf("BLE Battery Level Example Project \r\n");
  91              		.loc 1 44 0
  92 000a 0D4B     		ldr	r3, .L7
  93 000c 181C     		mov	r0, r3
  94 000e FFF7FEFF 		bl	puts
  45:.\main.c      ****     UART_DEB_SCB_IRQ_Start();
  95              		.loc 1 45 0
  96 0012 FFF7FEFF 		bl	UART_DEB_SCB_IRQ_Start
  46:.\main.c      ****     UART_DEB_SCB_IRQ_StartEx(Uart_Rx_Interrput);
  97              		.loc 1 46 0
  98 0016 0B4B     		ldr	r3, .L7+4
  99 0018 181C     		mov	r0, r3
 100 001a FFF7FEFF 		bl	UART_DEB_SCB_IRQ_StartEx
  47:.\main.c      ****     
  48:.\main.c      ****     
  49:.\main.c      ****     PWM_GREEN_Start();
 101              		.loc 1 49 0
 102 001e FFF7FEFF 		bl	PWM_GREEN_Start
  50:.\main.c      ****     
  51:.\main.c      ****      PWM_NIR1_Start();
 103              		.loc 1 51 0
 104 0022 FFF7FEFF 		bl	PWM_NIR1_Start
  52:.\main.c      ****     PWM_IR_AND_RED_Start();
 105              		.loc 1 52 0
 106 0026 FFF7FEFF 		bl	PWM_IR_AND_RED_Start
  53:.\main.c      ****     
  54:.\main.c      ****     PWM_NIR1_WriteCompare1(22);
 107              		.loc 1 54 0
 108 002a 1620     		mov	r0, #22
 109 002c FFF7FEFF 		bl	PWM_NIR1_WriteCompare1
 110              	.L6:
  55:.\main.c      ****     
  56:.\main.c      **** 	//ADC_Start();
  57:.\main.c      **** 
ARM GAS  C:\Users\wzh\AppData\Local\Temp\ccVtecdE.s 			page 4


  58:.\main.c      **** 	while(1) 
  59:.\main.c      ****     {   
  60:.\main.c      ****          if( g_int_flag ) 
 111              		.loc 1 60 0
 112 0030 054B     		ldr	r3, .L7+8
 113 0032 1B78     		ldrb	r3, [r3]
 114 0034 002B     		cmp	r3, #0
 115 0036 02D0     		beq	.L5
  61:.\main.c      ****         {
  62:.\main.c      ****           PWM_NIR1_Stop(); 
 116              		.loc 1 62 0
 117 0038 FFF7FEFF 		bl	PWM_NIR1_Stop
  63:.\main.c      ****         }
  64:.\main.c      ****     }
 118              		.loc 1 64 0
 119 003c F8E7     		b	.L6
 120              	.L5:
 121 003e F7E7     		b	.L6
 122              	.L8:
 123              		.align	2
 124              	.L7:
 125 0040 00000000 		.word	.LC2
 126 0044 00000000 		.word	Uart_Rx_Interrput
 127 0048 00000000 		.word	g_int_flag
 128              		.cfi_endproc
 129              	.LFE36:
 130              		.size	main, .-main
 131              		.text
 132              	.Letext0:
 133              		.file 2 ".\\Generated_Source\\PSoC4/cytypes.h"
 134              		.section	.debug_info,"",%progbits
 135              	.Ldebug_info0:
 136 0000 F3000000 		.4byte	0xf3
 137 0004 0400     		.2byte	0x4
 138 0006 00000000 		.4byte	.Ldebug_abbrev0
 139 000a 04       		.byte	0x4
 140 000b 01       		.uleb128 0x1
 141 000c 80000000 		.4byte	.LASF20
 142 0010 01       		.byte	0x1
 143 0011 AA010000 		.4byte	.LASF21
 144 0015 3A010000 		.4byte	.LASF22
 145 0019 00000000 		.4byte	.Ldebug_ranges0+0
 146 001d 00000000 		.4byte	0
 147 0021 00000000 		.4byte	.Ldebug_line0
 148 0025 02       		.uleb128 0x2
 149 0026 01       		.byte	0x1
 150 0027 06       		.byte	0x6
 151 0028 98010000 		.4byte	.LASF0
 152 002c 02       		.uleb128 0x2
 153 002d 01       		.byte	0x1
 154 002e 08       		.byte	0x8
 155 002f 07010000 		.4byte	.LASF1
 156 0033 02       		.uleb128 0x2
 157 0034 02       		.byte	0x2
 158 0035 05       		.byte	0x5
 159 0036 23010000 		.4byte	.LASF2
 160 003a 02       		.uleb128 0x2
ARM GAS  C:\Users\wzh\AppData\Local\Temp\ccVtecdE.s 			page 5


 161 003b 02       		.byte	0x2
 162 003c 07       		.byte	0x7
 163 003d 6D000000 		.4byte	.LASF3
 164 0041 02       		.uleb128 0x2
 165 0042 04       		.byte	0x4
 166 0043 05       		.byte	0x5
 167 0044 1A010000 		.4byte	.LASF4
 168 0048 02       		.uleb128 0x2
 169 0049 04       		.byte	0x4
 170 004a 07       		.byte	0x7
 171 004b 32000000 		.4byte	.LASF5
 172 004f 02       		.uleb128 0x2
 173 0050 08       		.byte	0x8
 174 0051 05       		.byte	0x5
 175 0052 00000000 		.4byte	.LASF6
 176 0056 02       		.uleb128 0x2
 177 0057 08       		.byte	0x8
 178 0058 07       		.byte	0x7
 179 0059 44000000 		.4byte	.LASF7
 180 005d 03       		.uleb128 0x3
 181 005e 04       		.byte	0x4
 182 005f 05       		.byte	0x5
 183 0060 696E7400 		.ascii	"int\000"
 184 0064 02       		.uleb128 0x2
 185 0065 04       		.byte	0x4
 186 0066 07       		.byte	0x7
 187 0067 15000000 		.4byte	.LASF8
 188 006b 04       		.uleb128 0x4
 189 006c 2C000000 		.4byte	.LASF9
 190 0070 02       		.byte	0x2
 191 0071 A1       		.byte	0xa1
 192 0072 2C000000 		.4byte	0x2c
 193 0076 04       		.uleb128 0x4
 194 0077 0E000000 		.4byte	.LASF10
 195 007b 02       		.byte	0x2
 196 007c A3       		.byte	0xa3
 197 007d 48000000 		.4byte	0x48
 198 0081 02       		.uleb128 0x2
 199 0082 04       		.byte	0x4
 200 0083 04       		.byte	0x4
 201 0084 A4010000 		.4byte	.LASF11
 202 0088 02       		.uleb128 0x2
 203 0089 08       		.byte	0x8
 204 008a 04       		.byte	0x4
 205 008b 2D010000 		.4byte	.LASF12
 206 008f 02       		.uleb128 0x2
 207 0090 01       		.byte	0x1
 208 0091 08       		.byte	0x8
 209 0092 15010000 		.4byte	.LASF13
 210 0096 05       		.uleb128 0x5
 211 0097 34010000 		.4byte	.LASF14
 212 009b 02       		.byte	0x2
 213 009c 4D01     		.2byte	0x14d
 214 009e A2000000 		.4byte	0xa2
 215 00a2 06       		.uleb128 0x6
 216 00a3 76000000 		.4byte	0x76
 217 00a7 02       		.uleb128 0x2
ARM GAS  C:\Users\wzh\AppData\Local\Temp\ccVtecdE.s 			page 6


 218 00a8 04       		.byte	0x4
 219 00a9 07       		.byte	0x7
 220 00aa B3010000 		.4byte	.LASF15
 221 00ae 07       		.uleb128 0x7
 222 00af 5B000000 		.4byte	.LASF16
 223 00b3 01       		.byte	0x1
 224 00b4 1B       		.byte	0x1b
 225 00b5 00000000 		.4byte	.LFB35
 226 00b9 30000000 		.4byte	.LFE35-.LFB35
 227 00bd 01       		.uleb128 0x1
 228 00be 9C       		.byte	0x9c
 229 00bf 08       		.uleb128 0x8
 230 00c0 27000000 		.4byte	.LASF17
 231 00c4 01       		.byte	0x1
 232 00c5 26       		.byte	0x26
 233 00c6 5D000000 		.4byte	0x5d
 234 00ca 00000000 		.4byte	.LFB36
 235 00ce 4C000000 		.4byte	.LFE36-.LFB36
 236 00d2 01       		.uleb128 0x1
 237 00d3 9C       		.byte	0x9c
 238 00d4 09       		.uleb128 0x9
 239 00d5 22000000 		.4byte	.LASF18
 240 00d9 01       		.byte	0x1
 241 00da 19       		.byte	0x19
 242 00db 6B000000 		.4byte	0x6b
 243 00df 05       		.uleb128 0x5
 244 00e0 03       		.byte	0x3
 245 00e1 00000000 		.4byte	g_rx
 246 00e5 09       		.uleb128 0x9
 247 00e6 FC000000 		.4byte	.LASF19
 248 00ea 01       		.byte	0x1
 249 00eb 19       		.byte	0x19
 250 00ec 6B000000 		.4byte	0x6b
 251 00f0 05       		.uleb128 0x5
 252 00f1 03       		.byte	0x3
 253 00f2 00000000 		.4byte	g_int_flag
 254 00f6 00       		.byte	0
 255              		.section	.debug_abbrev,"",%progbits
 256              	.Ldebug_abbrev0:
 257 0000 01       		.uleb128 0x1
 258 0001 11       		.uleb128 0x11
 259 0002 01       		.byte	0x1
 260 0003 25       		.uleb128 0x25
 261 0004 0E       		.uleb128 0xe
 262 0005 13       		.uleb128 0x13
 263 0006 0B       		.uleb128 0xb
 264 0007 03       		.uleb128 0x3
 265 0008 0E       		.uleb128 0xe
 266 0009 1B       		.uleb128 0x1b
 267 000a 0E       		.uleb128 0xe
 268 000b 55       		.uleb128 0x55
 269 000c 17       		.uleb128 0x17
 270 000d 11       		.uleb128 0x11
 271 000e 01       		.uleb128 0x1
 272 000f 10       		.uleb128 0x10
 273 0010 17       		.uleb128 0x17
 274 0011 00       		.byte	0
ARM GAS  C:\Users\wzh\AppData\Local\Temp\ccVtecdE.s 			page 7


 275 0012 00       		.byte	0
 276 0013 02       		.uleb128 0x2
 277 0014 24       		.uleb128 0x24
 278 0015 00       		.byte	0
 279 0016 0B       		.uleb128 0xb
 280 0017 0B       		.uleb128 0xb
 281 0018 3E       		.uleb128 0x3e
 282 0019 0B       		.uleb128 0xb
 283 001a 03       		.uleb128 0x3
 284 001b 0E       		.uleb128 0xe
 285 001c 00       		.byte	0
 286 001d 00       		.byte	0
 287 001e 03       		.uleb128 0x3
 288 001f 24       		.uleb128 0x24
 289 0020 00       		.byte	0
 290 0021 0B       		.uleb128 0xb
 291 0022 0B       		.uleb128 0xb
 292 0023 3E       		.uleb128 0x3e
 293 0024 0B       		.uleb128 0xb
 294 0025 03       		.uleb128 0x3
 295 0026 08       		.uleb128 0x8
 296 0027 00       		.byte	0
 297 0028 00       		.byte	0
 298 0029 04       		.uleb128 0x4
 299 002a 16       		.uleb128 0x16
 300 002b 00       		.byte	0
 301 002c 03       		.uleb128 0x3
 302 002d 0E       		.uleb128 0xe
 303 002e 3A       		.uleb128 0x3a
 304 002f 0B       		.uleb128 0xb
 305 0030 3B       		.uleb128 0x3b
 306 0031 0B       		.uleb128 0xb
 307 0032 49       		.uleb128 0x49
 308 0033 13       		.uleb128 0x13
 309 0034 00       		.byte	0
 310 0035 00       		.byte	0
 311 0036 05       		.uleb128 0x5
 312 0037 16       		.uleb128 0x16
 313 0038 00       		.byte	0
 314 0039 03       		.uleb128 0x3
 315 003a 0E       		.uleb128 0xe
 316 003b 3A       		.uleb128 0x3a
 317 003c 0B       		.uleb128 0xb
 318 003d 3B       		.uleb128 0x3b
 319 003e 05       		.uleb128 0x5
 320 003f 49       		.uleb128 0x49
 321 0040 13       		.uleb128 0x13
 322 0041 00       		.byte	0
 323 0042 00       		.byte	0
 324 0043 06       		.uleb128 0x6
 325 0044 35       		.uleb128 0x35
 326 0045 00       		.byte	0
 327 0046 49       		.uleb128 0x49
 328 0047 13       		.uleb128 0x13
 329 0048 00       		.byte	0
 330 0049 00       		.byte	0
 331 004a 07       		.uleb128 0x7
ARM GAS  C:\Users\wzh\AppData\Local\Temp\ccVtecdE.s 			page 8


 332 004b 2E       		.uleb128 0x2e
 333 004c 00       		.byte	0
 334 004d 3F       		.uleb128 0x3f
 335 004e 19       		.uleb128 0x19
 336 004f 03       		.uleb128 0x3
 337 0050 0E       		.uleb128 0xe
 338 0051 3A       		.uleb128 0x3a
 339 0052 0B       		.uleb128 0xb
 340 0053 3B       		.uleb128 0x3b
 341 0054 0B       		.uleb128 0xb
 342 0055 27       		.uleb128 0x27
 343 0056 19       		.uleb128 0x19
 344 0057 11       		.uleb128 0x11
 345 0058 01       		.uleb128 0x1
 346 0059 12       		.uleb128 0x12
 347 005a 06       		.uleb128 0x6
 348 005b 40       		.uleb128 0x40
 349 005c 18       		.uleb128 0x18
 350 005d 9642     		.uleb128 0x2116
 351 005f 19       		.uleb128 0x19
 352 0060 00       		.byte	0
 353 0061 00       		.byte	0
 354 0062 08       		.uleb128 0x8
 355 0063 2E       		.uleb128 0x2e
 356 0064 00       		.byte	0
 357 0065 3F       		.uleb128 0x3f
 358 0066 19       		.uleb128 0x19
 359 0067 03       		.uleb128 0x3
 360 0068 0E       		.uleb128 0xe
 361 0069 3A       		.uleb128 0x3a
 362 006a 0B       		.uleb128 0xb
 363 006b 3B       		.uleb128 0x3b
 364 006c 0B       		.uleb128 0xb
 365 006d 49       		.uleb128 0x49
 366 006e 13       		.uleb128 0x13
 367 006f 11       		.uleb128 0x11
 368 0070 01       		.uleb128 0x1
 369 0071 12       		.uleb128 0x12
 370 0072 06       		.uleb128 0x6
 371 0073 40       		.uleb128 0x40
 372 0074 18       		.uleb128 0x18
 373 0075 9642     		.uleb128 0x2116
 374 0077 19       		.uleb128 0x19
 375 0078 00       		.byte	0
 376 0079 00       		.byte	0
 377 007a 09       		.uleb128 0x9
 378 007b 34       		.uleb128 0x34
 379 007c 00       		.byte	0
 380 007d 03       		.uleb128 0x3
 381 007e 0E       		.uleb128 0xe
 382 007f 3A       		.uleb128 0x3a
 383 0080 0B       		.uleb128 0xb
 384 0081 3B       		.uleb128 0x3b
 385 0082 0B       		.uleb128 0xb
 386 0083 49       		.uleb128 0x49
 387 0084 13       		.uleb128 0x13
 388 0085 3F       		.uleb128 0x3f
ARM GAS  C:\Users\wzh\AppData\Local\Temp\ccVtecdE.s 			page 9


 389 0086 19       		.uleb128 0x19
 390 0087 02       		.uleb128 0x2
 391 0088 18       		.uleb128 0x18
 392 0089 00       		.byte	0
 393 008a 00       		.byte	0
 394 008b 00       		.byte	0
 395              		.section	.debug_aranges,"",%progbits
 396 0000 24000000 		.4byte	0x24
 397 0004 0200     		.2byte	0x2
 398 0006 00000000 		.4byte	.Ldebug_info0
 399 000a 04       		.byte	0x4
 400 000b 00       		.byte	0
 401 000c 0000     		.2byte	0
 402 000e 0000     		.2byte	0
 403 0010 00000000 		.4byte	.LFB35
 404 0014 30000000 		.4byte	.LFE35-.LFB35
 405 0018 00000000 		.4byte	.LFB36
 406 001c 4C000000 		.4byte	.LFE36-.LFB36
 407 0020 00000000 		.4byte	0
 408 0024 00000000 		.4byte	0
 409              		.section	.debug_ranges,"",%progbits
 410              	.Ldebug_ranges0:
 411 0000 00000000 		.4byte	.LFB35
 412 0004 30000000 		.4byte	.LFE35
 413 0008 00000000 		.4byte	.LFB36
 414 000c 4C000000 		.4byte	.LFE36
 415 0010 00000000 		.4byte	0
 416 0014 00000000 		.4byte	0
 417              		.section	.debug_line,"",%progbits
 418              	.Ldebug_line0:
 419 0000 79000000 		.section	.debug_str,"MS",%progbits,1
 419      02004500 
 419      00000201 
 419      FB0E0D00 
 419      01010101 
 420              	.LASF6:
 421 0000 6C6F6E67 		.ascii	"long long int\000"
 421      206C6F6E 
 421      6720696E 
 421      7400
 422              	.LASF10:
 423 000e 75696E74 		.ascii	"uint32\000"
 423      333200
 424              	.LASF8:
 425 0015 756E7369 		.ascii	"unsigned int\000"
 425      676E6564 
 425      20696E74 
 425      00
 426              	.LASF18:
 427 0022 675F7278 		.ascii	"g_rx\000"
 427      00
 428              	.LASF17:
 429 0027 6D61696E 		.ascii	"main\000"
 429      00
 430              	.LASF9:
 431 002c 75696E74 		.ascii	"uint8\000"
 431      3800
ARM GAS  C:\Users\wzh\AppData\Local\Temp\ccVtecdE.s 			page 10


 432              	.LASF5:
 433 0032 6C6F6E67 		.ascii	"long unsigned int\000"
 433      20756E73 
 433      69676E65 
 433      6420696E 
 433      7400
 434              	.LASF7:
 435 0044 6C6F6E67 		.ascii	"long long unsigned int\000"
 435      206C6F6E 
 435      6720756E 
 435      7369676E 
 435      65642069 
 436              	.LASF16:
 437 005b 55617274 		.ascii	"Uart_Rx_Interrput\000"
 437      5F52785F 
 437      496E7465 
 437      72727075 
 437      7400
 438              	.LASF3:
 439 006d 73686F72 		.ascii	"short unsigned int\000"
 439      7420756E 
 439      7369676E 
 439      65642069 
 439      6E7400
 440              	.LASF20:
 441 0080 474E5520 		.ascii	"GNU C 4.8.4 20140526 (release) [ARM/embedded-4_8-br"
 441      4320342E 
 441      382E3420 
 441      32303134 
 441      30353236 
 442 00b3 616E6368 		.ascii	"anch revision 211358] -mcpu=cortex-m0 -mthumb -g -O"
 442      20726576 
 442      6973696F 
 442      6E203231 
 442      31333538 
 443 00e6 30202D66 		.ascii	"0 -ffunction-sections\000"
 443      66756E63 
 443      74696F6E 
 443      2D736563 
 443      74696F6E 
 444              	.LASF19:
 445 00fc 675F696E 		.ascii	"g_int_flag\000"
 445      745F666C 
 445      616700
 446              	.LASF1:
 447 0107 756E7369 		.ascii	"unsigned char\000"
 447      676E6564 
 447      20636861 
 447      7200
 448              	.LASF13:
 449 0115 63686172 		.ascii	"char\000"
 449      00
 450              	.LASF4:
 451 011a 6C6F6E67 		.ascii	"long int\000"
 451      20696E74 
 451      00
 452              	.LASF2:
ARM GAS  C:\Users\wzh\AppData\Local\Temp\ccVtecdE.s 			page 11


 453 0123 73686F72 		.ascii	"short int\000"
 453      7420696E 
 453      7400
 454              	.LASF12:
 455 012d 646F7562 		.ascii	"double\000"
 455      6C6500
 456              	.LASF14:
 457 0134 72656733 		.ascii	"reg32\000"
 457      3200
 458              	.LASF22:
 459 013a 433A5C55 		.ascii	"C:\\Users\\wzh\\Desktop\\glucose-monitoring\\exampl"
 459      73657273 
 459      5C777A68 
 459      5C446573 
 459      6B746F70 
 460 0168 655C424C 		.ascii	"e\\BLE_Battery_Level01\\BLE_Battery_Level01.cydsn\000"
 460      455F4261 
 460      74746572 
 460      795F4C65 
 460      76656C30 
 461              	.LASF0:
 462 0198 7369676E 		.ascii	"signed char\000"
 462      65642063 
 462      68617200 
 463              	.LASF11:
 464 01a4 666C6F61 		.ascii	"float\000"
 464      7400
 465              	.LASF21:
 466 01aa 2E5C6D61 		.ascii	".\\main.c\000"
 466      696E2E63 
 466      00
 467              	.LASF15:
 468 01b3 73697A65 		.ascii	"sizetype\000"
 468      74797065 
 468      00
 469              		.ident	"GCC: (GNU Tools for ARM Embedded Processors) 4.8.4 20140526 (release) [ARM/embedded-4_8-br
