ARM GAS  C:\Users\wzh\AppData\Local\Temp\ccM0RiSe.s 			page 1


   1              		.cpu cortex-m0
   2              		.fpu softvfp
   3              		.eabi_attribute 20, 1
   4              		.eabi_attribute 21, 1
   5              		.eabi_attribute 23, 3
   6              		.eabi_attribute 24, 1
   7              		.eabi_attribute 25, 1
   8              		.eabi_attribute 26, 1
   9              		.eabi_attribute 30, 6
  10              		.eabi_attribute 34, 0
  11              		.eabi_attribute 18, 4
  12              		.code	16
  13              		.file	"UART_DEB.c"
  14              		.text
  15              	.Ltext0:
  16              		.cfi_sections	.debug_frame
  17              		.global	UART_DEB_initVar
  18              		.bss
  19              		.type	UART_DEB_initVar, %object
  20              		.size	UART_DEB_initVar, 1
  21              	UART_DEB_initVar:
  22 0000 00       		.space	1
  23              		.global	UART_DEB_customIntrHandler
  24 0001 000000   		.align	2
  25              		.type	UART_DEB_customIntrHandler, %object
  26              		.size	UART_DEB_customIntrHandler, 4
  27              	UART_DEB_customIntrHandler:
  28 0004 00000000 		.space	4
  29              		.section	.text.UART_DEB_Init,"ax",%progbits
  30              		.align	2
  31              		.global	UART_DEB_Init
  32              		.code	16
  33              		.thumb_func
  34              		.type	UART_DEB_Init, %function
  35              	UART_DEB_Init:
  36              	.LFB2:
  37              		.file 1 ".\\Generated_Source\\PSoC4\\UART_DEB.c"
   1:.\Generated_Source\PSoC4/UART_DEB.c **** /*******************************************************************************
   2:.\Generated_Source\PSoC4/UART_DEB.c **** * File Name: UART_DEB.c
   3:.\Generated_Source\PSoC4/UART_DEB.c **** * Version 2.0
   4:.\Generated_Source\PSoC4/UART_DEB.c **** *
   5:.\Generated_Source\PSoC4/UART_DEB.c **** * Description:
   6:.\Generated_Source\PSoC4/UART_DEB.c **** *  This file provides the source code to the API for the SCB Component.
   7:.\Generated_Source\PSoC4/UART_DEB.c **** *
   8:.\Generated_Source\PSoC4/UART_DEB.c **** * Note:
   9:.\Generated_Source\PSoC4/UART_DEB.c **** *
  10:.\Generated_Source\PSoC4/UART_DEB.c **** *******************************************************************************
  11:.\Generated_Source\PSoC4/UART_DEB.c **** * Copyright 2013-2014, Cypress Semiconductor Corporation.  All rights reserved.
  12:.\Generated_Source\PSoC4/UART_DEB.c **** * You may use this file only in accordance with the license, terms, conditions,
  13:.\Generated_Source\PSoC4/UART_DEB.c **** * disclaimers, and limitations in the end user license agreement accompanying
  14:.\Generated_Source\PSoC4/UART_DEB.c **** * the software package with which this file was provided.
  15:.\Generated_Source\PSoC4/UART_DEB.c **** *******************************************************************************/
  16:.\Generated_Source\PSoC4/UART_DEB.c **** 
  17:.\Generated_Source\PSoC4/UART_DEB.c **** #include "UART_DEB_PVT.h"
  18:.\Generated_Source\PSoC4/UART_DEB.c **** 
  19:.\Generated_Source\PSoC4/UART_DEB.c **** #if(UART_DEB_SCB_MODE_I2C_INC)
  20:.\Generated_Source\PSoC4/UART_DEB.c ****     #include "UART_DEB_I2C_PVT.h"
ARM GAS  C:\Users\wzh\AppData\Local\Temp\ccM0RiSe.s 			page 2


  21:.\Generated_Source\PSoC4/UART_DEB.c **** #endif /* (UART_DEB_SCB_MODE_I2C_INC) */
  22:.\Generated_Source\PSoC4/UART_DEB.c **** 
  23:.\Generated_Source\PSoC4/UART_DEB.c **** #if(UART_DEB_SCB_MODE_EZI2C_INC)
  24:.\Generated_Source\PSoC4/UART_DEB.c ****     #include "UART_DEB_EZI2C_PVT.h"
  25:.\Generated_Source\PSoC4/UART_DEB.c **** #endif /* (UART_DEB_SCB_MODE_EZI2C_INC) */
  26:.\Generated_Source\PSoC4/UART_DEB.c **** 
  27:.\Generated_Source\PSoC4/UART_DEB.c **** #if(UART_DEB_SCB_MODE_SPI_INC || UART_DEB_SCB_MODE_UART_INC)
  28:.\Generated_Source\PSoC4/UART_DEB.c ****     #include "UART_DEB_SPI_UART_PVT.h"
  29:.\Generated_Source\PSoC4/UART_DEB.c **** #endif /* (UART_DEB_SCB_MODE_SPI_INC || UART_DEB_SCB_MODE_UART_INC) */
  30:.\Generated_Source\PSoC4/UART_DEB.c **** 
  31:.\Generated_Source\PSoC4/UART_DEB.c **** 
  32:.\Generated_Source\PSoC4/UART_DEB.c **** /***************************************
  33:.\Generated_Source\PSoC4/UART_DEB.c **** *    Run Time Configuration Vars
  34:.\Generated_Source\PSoC4/UART_DEB.c **** ***************************************/
  35:.\Generated_Source\PSoC4/UART_DEB.c **** 
  36:.\Generated_Source\PSoC4/UART_DEB.c **** /* Stores internal component configuration for Unconfigured mode */
  37:.\Generated_Source\PSoC4/UART_DEB.c **** #if(UART_DEB_SCB_MODE_UNCONFIG_CONST_CFG)
  38:.\Generated_Source\PSoC4/UART_DEB.c ****     /* Common configuration variables */
  39:.\Generated_Source\PSoC4/UART_DEB.c ****     uint8 UART_DEB_scbMode = UART_DEB_SCB_MODE_UNCONFIG;
  40:.\Generated_Source\PSoC4/UART_DEB.c ****     uint8 UART_DEB_scbEnableWake;
  41:.\Generated_Source\PSoC4/UART_DEB.c ****     uint8 UART_DEB_scbEnableIntr;
  42:.\Generated_Source\PSoC4/UART_DEB.c **** 
  43:.\Generated_Source\PSoC4/UART_DEB.c ****     /* I2C configuration variables */
  44:.\Generated_Source\PSoC4/UART_DEB.c ****     uint8 UART_DEB_mode;
  45:.\Generated_Source\PSoC4/UART_DEB.c ****     uint8 UART_DEB_acceptAddr;
  46:.\Generated_Source\PSoC4/UART_DEB.c **** 
  47:.\Generated_Source\PSoC4/UART_DEB.c ****     /* SPI/UART configuration variables */
  48:.\Generated_Source\PSoC4/UART_DEB.c ****     volatile uint8 * UART_DEB_rxBuffer;
  49:.\Generated_Source\PSoC4/UART_DEB.c ****     uint8  UART_DEB_rxDataBits;
  50:.\Generated_Source\PSoC4/UART_DEB.c ****     uint32 UART_DEB_rxBufferSize;
  51:.\Generated_Source\PSoC4/UART_DEB.c **** 
  52:.\Generated_Source\PSoC4/UART_DEB.c ****     volatile uint8 * UART_DEB_txBuffer;
  53:.\Generated_Source\PSoC4/UART_DEB.c ****     uint8  UART_DEB_txDataBits;
  54:.\Generated_Source\PSoC4/UART_DEB.c ****     uint32 UART_DEB_txBufferSize;
  55:.\Generated_Source\PSoC4/UART_DEB.c **** 
  56:.\Generated_Source\PSoC4/UART_DEB.c ****     /* EZI2C configuration variables */
  57:.\Generated_Source\PSoC4/UART_DEB.c ****     uint8 UART_DEB_numberOfAddr;
  58:.\Generated_Source\PSoC4/UART_DEB.c ****     uint8 UART_DEB_subAddrSize;
  59:.\Generated_Source\PSoC4/UART_DEB.c **** #endif /* (UART_DEB_SCB_MODE_UNCONFIG_CONST_CFG) */
  60:.\Generated_Source\PSoC4/UART_DEB.c **** 
  61:.\Generated_Source\PSoC4/UART_DEB.c **** 
  62:.\Generated_Source\PSoC4/UART_DEB.c **** /***************************************
  63:.\Generated_Source\PSoC4/UART_DEB.c **** *     Common SCB Vars
  64:.\Generated_Source\PSoC4/UART_DEB.c **** ***************************************/
  65:.\Generated_Source\PSoC4/UART_DEB.c **** 
  66:.\Generated_Source\PSoC4/UART_DEB.c **** uint8 UART_DEB_initVar = 0u;
  67:.\Generated_Source\PSoC4/UART_DEB.c **** 
  68:.\Generated_Source\PSoC4/UART_DEB.c **** #if !defined (CY_REMOVE_UART_DEB_CUSTOM_INTR_HANDLER)
  69:.\Generated_Source\PSoC4/UART_DEB.c ****     cyisraddress UART_DEB_customIntrHandler = NULL;
  70:.\Generated_Source\PSoC4/UART_DEB.c **** #endif /* !defined (CY_REMOVE_UART_DEB_CUSTOM_INTR_HANDLER) */
  71:.\Generated_Source\PSoC4/UART_DEB.c **** 
  72:.\Generated_Source\PSoC4/UART_DEB.c **** 
  73:.\Generated_Source\PSoC4/UART_DEB.c **** /***************************************
  74:.\Generated_Source\PSoC4/UART_DEB.c **** *    Private Function Prototypes
  75:.\Generated_Source\PSoC4/UART_DEB.c **** ***************************************/
  76:.\Generated_Source\PSoC4/UART_DEB.c **** 
  77:.\Generated_Source\PSoC4/UART_DEB.c **** static void UART_DEB_ScbEnableIntr(void);
ARM GAS  C:\Users\wzh\AppData\Local\Temp\ccM0RiSe.s 			page 3


  78:.\Generated_Source\PSoC4/UART_DEB.c **** static void UART_DEB_ScbModeStop(void);
  79:.\Generated_Source\PSoC4/UART_DEB.c **** 
  80:.\Generated_Source\PSoC4/UART_DEB.c **** 
  81:.\Generated_Source\PSoC4/UART_DEB.c **** /*******************************************************************************
  82:.\Generated_Source\PSoC4/UART_DEB.c **** * Function Name: UART_DEB_Init
  83:.\Generated_Source\PSoC4/UART_DEB.c **** ********************************************************************************
  84:.\Generated_Source\PSoC4/UART_DEB.c **** *
  85:.\Generated_Source\PSoC4/UART_DEB.c **** * Summary:
  86:.\Generated_Source\PSoC4/UART_DEB.c **** *  Initializes the SCB component to operate in one of the selected
  87:.\Generated_Source\PSoC4/UART_DEB.c **** *  configurations: I2C, SPI, UART or EZI2C.
  88:.\Generated_Source\PSoC4/UART_DEB.c **** *  When the configuration is set to "Unconfigured SCB", this function does
  89:.\Generated_Source\PSoC4/UART_DEB.c **** *  not do any initialization. Use mode-specific initialization APIs instead:
  90:.\Generated_Source\PSoC4/UART_DEB.c **** *  SCB_I2CInit, SCB_SpiInit, SCB_UartInit or SCB_EzI2CInit.
  91:.\Generated_Source\PSoC4/UART_DEB.c **** *
  92:.\Generated_Source\PSoC4/UART_DEB.c **** * Parameters:
  93:.\Generated_Source\PSoC4/UART_DEB.c **** *  None
  94:.\Generated_Source\PSoC4/UART_DEB.c **** *
  95:.\Generated_Source\PSoC4/UART_DEB.c **** * Return:
  96:.\Generated_Source\PSoC4/UART_DEB.c **** *  None
  97:.\Generated_Source\PSoC4/UART_DEB.c **** *
  98:.\Generated_Source\PSoC4/UART_DEB.c **** *******************************************************************************/
  99:.\Generated_Source\PSoC4/UART_DEB.c **** void UART_DEB_Init(void)
 100:.\Generated_Source\PSoC4/UART_DEB.c **** {
  38              		.loc 1 100 0
  39              		.cfi_startproc
  40 0000 80B5     		push	{r7, lr}
  41              		.cfi_def_cfa_offset 8
  42              		.cfi_offset 7, -8
  43              		.cfi_offset 14, -4
  44 0002 00AF     		add	r7, sp, #0
  45              		.cfi_def_cfa_register 7
 101:.\Generated_Source\PSoC4/UART_DEB.c **** #if(UART_DEB_SCB_MODE_UNCONFIG_CONST_CFG)
 102:.\Generated_Source\PSoC4/UART_DEB.c ****     if(UART_DEB_SCB_MODE_UNCONFIG_RUNTM_CFG)
 103:.\Generated_Source\PSoC4/UART_DEB.c ****     {
 104:.\Generated_Source\PSoC4/UART_DEB.c ****         UART_DEB_initVar = 0u;
 105:.\Generated_Source\PSoC4/UART_DEB.c ****     }
 106:.\Generated_Source\PSoC4/UART_DEB.c ****     else
 107:.\Generated_Source\PSoC4/UART_DEB.c ****     {
 108:.\Generated_Source\PSoC4/UART_DEB.c ****         /* Initialization was done before this function call */
 109:.\Generated_Source\PSoC4/UART_DEB.c ****     }
 110:.\Generated_Source\PSoC4/UART_DEB.c **** 
 111:.\Generated_Source\PSoC4/UART_DEB.c **** #elif(UART_DEB_SCB_MODE_I2C_CONST_CFG)
 112:.\Generated_Source\PSoC4/UART_DEB.c ****     UART_DEB_I2CInit();
 113:.\Generated_Source\PSoC4/UART_DEB.c **** 
 114:.\Generated_Source\PSoC4/UART_DEB.c **** #elif(UART_DEB_SCB_MODE_SPI_CONST_CFG)
 115:.\Generated_Source\PSoC4/UART_DEB.c ****     UART_DEB_SpiInit();
 116:.\Generated_Source\PSoC4/UART_DEB.c **** 
 117:.\Generated_Source\PSoC4/UART_DEB.c **** #elif(UART_DEB_SCB_MODE_UART_CONST_CFG)
 118:.\Generated_Source\PSoC4/UART_DEB.c ****     UART_DEB_UartInit();
  46              		.loc 1 118 0
  47 0004 FFF7FEFF 		bl	UART_DEB_UartInit
 119:.\Generated_Source\PSoC4/UART_DEB.c **** 
 120:.\Generated_Source\PSoC4/UART_DEB.c **** #elif(UART_DEB_SCB_MODE_EZI2C_CONST_CFG)
 121:.\Generated_Source\PSoC4/UART_DEB.c ****     UART_DEB_EzI2CInit();
 122:.\Generated_Source\PSoC4/UART_DEB.c **** 
 123:.\Generated_Source\PSoC4/UART_DEB.c **** #endif /* (UART_DEB_SCB_MODE_UNCONFIG_CONST_CFG) */
 124:.\Generated_Source\PSoC4/UART_DEB.c **** }
ARM GAS  C:\Users\wzh\AppData\Local\Temp\ccM0RiSe.s 			page 4


  48              		.loc 1 124 0
  49 0008 BD46     		mov	sp, r7
  50              		@ sp needed
  51 000a 80BD     		pop	{r7, pc}
  52              		.cfi_endproc
  53              	.LFE2:
  54              		.size	UART_DEB_Init, .-UART_DEB_Init
  55              		.section	.text.UART_DEB_Enable,"ax",%progbits
  56              		.align	2
  57              		.global	UART_DEB_Enable
  58              		.code	16
  59              		.thumb_func
  60              		.type	UART_DEB_Enable, %function
  61              	UART_DEB_Enable:
  62              	.LFB3:
 125:.\Generated_Source\PSoC4/UART_DEB.c **** 
 126:.\Generated_Source\PSoC4/UART_DEB.c **** 
 127:.\Generated_Source\PSoC4/UART_DEB.c **** /*******************************************************************************
 128:.\Generated_Source\PSoC4/UART_DEB.c **** * Function Name: UART_DEB_Enable
 129:.\Generated_Source\PSoC4/UART_DEB.c **** ********************************************************************************
 130:.\Generated_Source\PSoC4/UART_DEB.c **** *
 131:.\Generated_Source\PSoC4/UART_DEB.c **** * Summary:
 132:.\Generated_Source\PSoC4/UART_DEB.c **** *  Enables the SCB component operation.
 133:.\Generated_Source\PSoC4/UART_DEB.c **** *  The SCB configuration should be not changed when the component is enabled.
 134:.\Generated_Source\PSoC4/UART_DEB.c **** *  Any configuration changes should be made after disabling the component.
 135:.\Generated_Source\PSoC4/UART_DEB.c **** *
 136:.\Generated_Source\PSoC4/UART_DEB.c **** * Parameters:
 137:.\Generated_Source\PSoC4/UART_DEB.c **** *  None
 138:.\Generated_Source\PSoC4/UART_DEB.c **** *
 139:.\Generated_Source\PSoC4/UART_DEB.c **** * Return:
 140:.\Generated_Source\PSoC4/UART_DEB.c **** *  None
 141:.\Generated_Source\PSoC4/UART_DEB.c **** *
 142:.\Generated_Source\PSoC4/UART_DEB.c **** *******************************************************************************/
 143:.\Generated_Source\PSoC4/UART_DEB.c **** void UART_DEB_Enable(void)
 144:.\Generated_Source\PSoC4/UART_DEB.c **** {
  63              		.loc 1 144 0
  64              		.cfi_startproc
  65 0000 80B5     		push	{r7, lr}
  66              		.cfi_def_cfa_offset 8
  67              		.cfi_offset 7, -8
  68              		.cfi_offset 14, -4
  69 0002 00AF     		add	r7, sp, #0
  70              		.cfi_def_cfa_register 7
 145:.\Generated_Source\PSoC4/UART_DEB.c **** #if(UART_DEB_SCB_MODE_UNCONFIG_CONST_CFG)
 146:.\Generated_Source\PSoC4/UART_DEB.c ****     /* Enable SCB block, only if it is already configured */
 147:.\Generated_Source\PSoC4/UART_DEB.c ****     if(!UART_DEB_SCB_MODE_UNCONFIG_RUNTM_CFG)
 148:.\Generated_Source\PSoC4/UART_DEB.c ****     {
 149:.\Generated_Source\PSoC4/UART_DEB.c ****         UART_DEB_CTRL_REG |= UART_DEB_CTRL_ENABLED;
 150:.\Generated_Source\PSoC4/UART_DEB.c **** 
 151:.\Generated_Source\PSoC4/UART_DEB.c ****         UART_DEB_ScbEnableIntr();
 152:.\Generated_Source\PSoC4/UART_DEB.c ****     }
 153:.\Generated_Source\PSoC4/UART_DEB.c **** #else
 154:.\Generated_Source\PSoC4/UART_DEB.c ****     UART_DEB_CTRL_REG |= UART_DEB_CTRL_ENABLED;
  71              		.loc 1 154 0
  72 0004 054B     		ldr	r3, .L3
  73 0006 054A     		ldr	r2, .L3
  74 0008 1268     		ldr	r2, [r2]
ARM GAS  C:\Users\wzh\AppData\Local\Temp\ccM0RiSe.s 			page 5


  75 000a 8021     		mov	r1, #128
  76 000c 0906     		lsl	r1, r1, #24
  77 000e 0A43     		orr	r2, r1
  78 0010 1A60     		str	r2, [r3]
 155:.\Generated_Source\PSoC4/UART_DEB.c **** 
 156:.\Generated_Source\PSoC4/UART_DEB.c ****     UART_DEB_ScbEnableIntr();
  79              		.loc 1 156 0
  80 0012 FFF7FEFF 		bl	UART_DEB_ScbEnableIntr
 157:.\Generated_Source\PSoC4/UART_DEB.c **** #endif /* (UART_DEB_SCB_MODE_UNCONFIG_CONST_CFG) */
 158:.\Generated_Source\PSoC4/UART_DEB.c **** }
  81              		.loc 1 158 0
  82 0016 BD46     		mov	sp, r7
  83              		@ sp needed
  84 0018 80BD     		pop	{r7, pc}
  85              	.L4:
  86 001a C046     		.align	2
  87              	.L3:
  88 001c 00002440 		.word	1076101120
  89              		.cfi_endproc
  90              	.LFE3:
  91              		.size	UART_DEB_Enable, .-UART_DEB_Enable
  92              		.section	.text.UART_DEB_Start,"ax",%progbits
  93              		.align	2
  94              		.global	UART_DEB_Start
  95              		.code	16
  96              		.thumb_func
  97              		.type	UART_DEB_Start, %function
  98              	UART_DEB_Start:
  99              	.LFB4:
 159:.\Generated_Source\PSoC4/UART_DEB.c **** 
 160:.\Generated_Source\PSoC4/UART_DEB.c **** 
 161:.\Generated_Source\PSoC4/UART_DEB.c **** /*******************************************************************************
 162:.\Generated_Source\PSoC4/UART_DEB.c **** * Function Name: UART_DEB_Start
 163:.\Generated_Source\PSoC4/UART_DEB.c **** ********************************************************************************
 164:.\Generated_Source\PSoC4/UART_DEB.c **** *
 165:.\Generated_Source\PSoC4/UART_DEB.c **** * Summary:
 166:.\Generated_Source\PSoC4/UART_DEB.c **** *  Invokes SCB_Init() and SCB_Enable().
 167:.\Generated_Source\PSoC4/UART_DEB.c **** *  After this function call, the component is enabled and ready for operation.
 168:.\Generated_Source\PSoC4/UART_DEB.c **** *  When configuration is set to "Unconfigured SCB", the component must first be
 169:.\Generated_Source\PSoC4/UART_DEB.c **** *  initialized to operate in one of the following configurations: I2C, SPI, UART
 170:.\Generated_Source\PSoC4/UART_DEB.c **** *  or EZ I2C. Otherwise this function does not enable the component.
 171:.\Generated_Source\PSoC4/UART_DEB.c **** *
 172:.\Generated_Source\PSoC4/UART_DEB.c **** * Parameters:
 173:.\Generated_Source\PSoC4/UART_DEB.c **** *  None
 174:.\Generated_Source\PSoC4/UART_DEB.c **** *
 175:.\Generated_Source\PSoC4/UART_DEB.c **** * Return:
 176:.\Generated_Source\PSoC4/UART_DEB.c **** *  None
 177:.\Generated_Source\PSoC4/UART_DEB.c **** *
 178:.\Generated_Source\PSoC4/UART_DEB.c **** * Global variables:
 179:.\Generated_Source\PSoC4/UART_DEB.c **** *  UART_DEB_initVar - used to check initial configuration, modified
 180:.\Generated_Source\PSoC4/UART_DEB.c **** *  on first function call.
 181:.\Generated_Source\PSoC4/UART_DEB.c **** *
 182:.\Generated_Source\PSoC4/UART_DEB.c **** *******************************************************************************/
 183:.\Generated_Source\PSoC4/UART_DEB.c **** void UART_DEB_Start(void)
 184:.\Generated_Source\PSoC4/UART_DEB.c **** {
 100              		.loc 1 184 0
 101              		.cfi_startproc
ARM GAS  C:\Users\wzh\AppData\Local\Temp\ccM0RiSe.s 			page 6


 102 0000 80B5     		push	{r7, lr}
 103              		.cfi_def_cfa_offset 8
 104              		.cfi_offset 7, -8
 105              		.cfi_offset 14, -4
 106 0002 00AF     		add	r7, sp, #0
 107              		.cfi_def_cfa_register 7
 185:.\Generated_Source\PSoC4/UART_DEB.c ****     if(0u == UART_DEB_initVar)
 108              		.loc 1 185 0
 109 0004 064B     		ldr	r3, .L7
 110 0006 1B78     		ldrb	r3, [r3]
 111 0008 002B     		cmp	r3, #0
 112 000a 04D1     		bne	.L6
 186:.\Generated_Source\PSoC4/UART_DEB.c ****     {
 187:.\Generated_Source\PSoC4/UART_DEB.c ****         UART_DEB_Init();
 113              		.loc 1 187 0
 114 000c FFF7FEFF 		bl	UART_DEB_Init
 188:.\Generated_Source\PSoC4/UART_DEB.c ****         UART_DEB_initVar = 1u; /* Component was initialized */
 115              		.loc 1 188 0
 116 0010 034B     		ldr	r3, .L7
 117 0012 0122     		mov	r2, #1
 118 0014 1A70     		strb	r2, [r3]
 119              	.L6:
 189:.\Generated_Source\PSoC4/UART_DEB.c ****     }
 190:.\Generated_Source\PSoC4/UART_DEB.c **** 
 191:.\Generated_Source\PSoC4/UART_DEB.c ****     UART_DEB_Enable();
 120              		.loc 1 191 0
 121 0016 FFF7FEFF 		bl	UART_DEB_Enable
 192:.\Generated_Source\PSoC4/UART_DEB.c **** }
 122              		.loc 1 192 0
 123 001a BD46     		mov	sp, r7
 124              		@ sp needed
 125 001c 80BD     		pop	{r7, pc}
 126              	.L8:
 127 001e C046     		.align	2
 128              	.L7:
 129 0020 00000000 		.word	UART_DEB_initVar
 130              		.cfi_endproc
 131              	.LFE4:
 132              		.size	UART_DEB_Start, .-UART_DEB_Start
 133              		.section	.text.UART_DEB_Stop,"ax",%progbits
 134              		.align	2
 135              		.global	UART_DEB_Stop
 136              		.code	16
 137              		.thumb_func
 138              		.type	UART_DEB_Stop, %function
 139              	UART_DEB_Stop:
 140              	.LFB5:
 193:.\Generated_Source\PSoC4/UART_DEB.c **** 
 194:.\Generated_Source\PSoC4/UART_DEB.c **** 
 195:.\Generated_Source\PSoC4/UART_DEB.c **** /*******************************************************************************
 196:.\Generated_Source\PSoC4/UART_DEB.c **** * Function Name: UART_DEB_Stop
 197:.\Generated_Source\PSoC4/UART_DEB.c **** ********************************************************************************
 198:.\Generated_Source\PSoC4/UART_DEB.c **** *
 199:.\Generated_Source\PSoC4/UART_DEB.c **** * Summary:
 200:.\Generated_Source\PSoC4/UART_DEB.c **** *  Disables the SCB component and its interrupt.
 201:.\Generated_Source\PSoC4/UART_DEB.c **** *
 202:.\Generated_Source\PSoC4/UART_DEB.c **** * Parameters:
ARM GAS  C:\Users\wzh\AppData\Local\Temp\ccM0RiSe.s 			page 7


 203:.\Generated_Source\PSoC4/UART_DEB.c **** *  None
 204:.\Generated_Source\PSoC4/UART_DEB.c **** *
 205:.\Generated_Source\PSoC4/UART_DEB.c **** * Return:
 206:.\Generated_Source\PSoC4/UART_DEB.c **** *  None
 207:.\Generated_Source\PSoC4/UART_DEB.c **** *
 208:.\Generated_Source\PSoC4/UART_DEB.c **** *******************************************************************************/
 209:.\Generated_Source\PSoC4/UART_DEB.c **** void UART_DEB_Stop(void)
 210:.\Generated_Source\PSoC4/UART_DEB.c **** {
 141              		.loc 1 210 0
 142              		.cfi_startproc
 143 0000 80B5     		push	{r7, lr}
 144              		.cfi_def_cfa_offset 8
 145              		.cfi_offset 7, -8
 146              		.cfi_offset 14, -4
 147 0002 00AF     		add	r7, sp, #0
 148              		.cfi_def_cfa_register 7
 211:.\Generated_Source\PSoC4/UART_DEB.c **** #if(UART_DEB_SCB_IRQ_INTERNAL)
 212:.\Generated_Source\PSoC4/UART_DEB.c ****     UART_DEB_DisableInt();
 149              		.loc 1 212 0
 150 0004 0920     		mov	r0, #9
 151 0006 FFF7FEFF 		bl	CyIntDisable
 213:.\Generated_Source\PSoC4/UART_DEB.c **** #endif /* (UART_DEB_SCB_IRQ_INTERNAL) */
 214:.\Generated_Source\PSoC4/UART_DEB.c **** 
 215:.\Generated_Source\PSoC4/UART_DEB.c ****     UART_DEB_CTRL_REG &= (uint32) ~UART_DEB_CTRL_ENABLED;  /* Disable scb IP */
 152              		.loc 1 215 0
 153 000a 064B     		ldr	r3, .L10
 154 000c 054A     		ldr	r2, .L10
 155 000e 1268     		ldr	r2, [r2]
 156 0010 5200     		lsl	r2, r2, #1
 157 0012 5208     		lsr	r2, r2, #1
 158 0014 1A60     		str	r2, [r3]
 216:.\Generated_Source\PSoC4/UART_DEB.c **** 
 217:.\Generated_Source\PSoC4/UART_DEB.c **** #if(UART_DEB_SCB_IRQ_INTERNAL)
 218:.\Generated_Source\PSoC4/UART_DEB.c ****     UART_DEB_ClearPendingInt();
 159              		.loc 1 218 0
 160 0016 0920     		mov	r0, #9
 161 0018 FFF7FEFF 		bl	CyIntClearPending
 219:.\Generated_Source\PSoC4/UART_DEB.c **** #endif /* (UART_DEB_SCB_IRQ_INTERNAL) */
 220:.\Generated_Source\PSoC4/UART_DEB.c **** 
 221:.\Generated_Source\PSoC4/UART_DEB.c ****     UART_DEB_ScbModeStop(); /* Calls scbMode specific Stop function */
 162              		.loc 1 221 0
 163 001c FFF7FEFF 		bl	UART_DEB_ScbModeStop
 222:.\Generated_Source\PSoC4/UART_DEB.c **** }
 164              		.loc 1 222 0
 165 0020 BD46     		mov	sp, r7
 166              		@ sp needed
 167 0022 80BD     		pop	{r7, pc}
 168              	.L11:
 169              		.align	2
 170              	.L10:
 171 0024 00002440 		.word	1076101120
 172              		.cfi_endproc
 173              	.LFE5:
 174              		.size	UART_DEB_Stop, .-UART_DEB_Stop
 175              		.section	.text.UART_DEB_SetRxFifoLevel,"ax",%progbits
 176              		.align	2
 177              		.global	UART_DEB_SetRxFifoLevel
ARM GAS  C:\Users\wzh\AppData\Local\Temp\ccM0RiSe.s 			page 8


 178              		.code	16
 179              		.thumb_func
 180              		.type	UART_DEB_SetRxFifoLevel, %function
 181              	UART_DEB_SetRxFifoLevel:
 182              	.LFB6:
 223:.\Generated_Source\PSoC4/UART_DEB.c **** 
 224:.\Generated_Source\PSoC4/UART_DEB.c **** 
 225:.\Generated_Source\PSoC4/UART_DEB.c **** /*******************************************************************************
 226:.\Generated_Source\PSoC4/UART_DEB.c **** * Function Name: UART_DEB_SetRxFifoLevel
 227:.\Generated_Source\PSoC4/UART_DEB.c **** ********************************************************************************
 228:.\Generated_Source\PSoC4/UART_DEB.c **** *
 229:.\Generated_Source\PSoC4/UART_DEB.c **** * Summary:
 230:.\Generated_Source\PSoC4/UART_DEB.c **** *  Sets level in the RX FIFO to generate a RX level interrupt.
 231:.\Generated_Source\PSoC4/UART_DEB.c **** *  When the RX FIFO has more entries than the RX FIFO level an RX level
 232:.\Generated_Source\PSoC4/UART_DEB.c **** *  interrupt request is generated.
 233:.\Generated_Source\PSoC4/UART_DEB.c **** *
 234:.\Generated_Source\PSoC4/UART_DEB.c **** * Parameters:
 235:.\Generated_Source\PSoC4/UART_DEB.c **** *  level: Level in the RX FIFO to generate RX level interrupt.
 236:.\Generated_Source\PSoC4/UART_DEB.c **** *         The range of valid level values is between 0 and RX FIFO depth - 1.
 237:.\Generated_Source\PSoC4/UART_DEB.c **** *
 238:.\Generated_Source\PSoC4/UART_DEB.c **** * Return:
 239:.\Generated_Source\PSoC4/UART_DEB.c **** *  None
 240:.\Generated_Source\PSoC4/UART_DEB.c **** *
 241:.\Generated_Source\PSoC4/UART_DEB.c **** *******************************************************************************/
 242:.\Generated_Source\PSoC4/UART_DEB.c **** void UART_DEB_SetRxFifoLevel(uint32 level)
 243:.\Generated_Source\PSoC4/UART_DEB.c **** {
 183              		.loc 1 243 0
 184              		.cfi_startproc
 185 0000 80B5     		push	{r7, lr}
 186              		.cfi_def_cfa_offset 8
 187              		.cfi_offset 7, -8
 188              		.cfi_offset 14, -4
 189 0002 84B0     		sub	sp, sp, #16
 190              		.cfi_def_cfa_offset 24
 191 0004 00AF     		add	r7, sp, #0
 192              		.cfi_def_cfa_register 7
 193 0006 7860     		str	r0, [r7, #4]
 244:.\Generated_Source\PSoC4/UART_DEB.c ****     uint32 rxFifoCtrl;
 245:.\Generated_Source\PSoC4/UART_DEB.c **** 
 246:.\Generated_Source\PSoC4/UART_DEB.c ****     rxFifoCtrl = UART_DEB_RX_FIFO_CTRL_REG;
 194              		.loc 1 246 0
 195 0008 094B     		ldr	r3, .L13
 196 000a 1B68     		ldr	r3, [r3]
 197 000c FB60     		str	r3, [r7, #12]
 247:.\Generated_Source\PSoC4/UART_DEB.c **** 
 248:.\Generated_Source\PSoC4/UART_DEB.c ****     rxFifoCtrl &= ((uint32) ~UART_DEB_RX_FIFO_CTRL_TRIGGER_LEVEL_MASK); /* Clear level mask bits */
 198              		.loc 1 248 0
 199 000e FB68     		ldr	r3, [r7, #12]
 200 0010 0F22     		mov	r2, #15
 201 0012 9343     		bic	r3, r2
 202 0014 FB60     		str	r3, [r7, #12]
 249:.\Generated_Source\PSoC4/UART_DEB.c ****     rxFifoCtrl |= ((uint32) (UART_DEB_RX_FIFO_CTRL_TRIGGER_LEVEL_MASK & level));
 203              		.loc 1 249 0
 204 0016 7A68     		ldr	r2, [r7, #4]
 205 0018 0F23     		mov	r3, #15
 206 001a 1340     		and	r3, r2
 207 001c FA68     		ldr	r2, [r7, #12]
ARM GAS  C:\Users\wzh\AppData\Local\Temp\ccM0RiSe.s 			page 9


 208 001e 1343     		orr	r3, r2
 209 0020 FB60     		str	r3, [r7, #12]
 250:.\Generated_Source\PSoC4/UART_DEB.c **** 
 251:.\Generated_Source\PSoC4/UART_DEB.c ****     UART_DEB_RX_FIFO_CTRL_REG = rxFifoCtrl;
 210              		.loc 1 251 0
 211 0022 034B     		ldr	r3, .L13
 212 0024 FA68     		ldr	r2, [r7, #12]
 213 0026 1A60     		str	r2, [r3]
 252:.\Generated_Source\PSoC4/UART_DEB.c **** }
 214              		.loc 1 252 0
 215 0028 BD46     		mov	sp, r7
 216 002a 04B0     		add	sp, sp, #16
 217              		@ sp needed
 218 002c 80BD     		pop	{r7, pc}
 219              	.L14:
 220 002e C046     		.align	2
 221              	.L13:
 222 0030 04032440 		.word	1076101892
 223              		.cfi_endproc
 224              	.LFE6:
 225              		.size	UART_DEB_SetRxFifoLevel, .-UART_DEB_SetRxFifoLevel
 226              		.section	.text.UART_DEB_SetTxFifoLevel,"ax",%progbits
 227              		.align	2
 228              		.global	UART_DEB_SetTxFifoLevel
 229              		.code	16
 230              		.thumb_func
 231              		.type	UART_DEB_SetTxFifoLevel, %function
 232              	UART_DEB_SetTxFifoLevel:
 233              	.LFB7:
 253:.\Generated_Source\PSoC4/UART_DEB.c **** 
 254:.\Generated_Source\PSoC4/UART_DEB.c **** 
 255:.\Generated_Source\PSoC4/UART_DEB.c **** /*******************************************************************************
 256:.\Generated_Source\PSoC4/UART_DEB.c **** * Function Name: UART_DEB_SetTxFifoLevel
 257:.\Generated_Source\PSoC4/UART_DEB.c **** ********************************************************************************
 258:.\Generated_Source\PSoC4/UART_DEB.c **** *
 259:.\Generated_Source\PSoC4/UART_DEB.c **** * Summary:
 260:.\Generated_Source\PSoC4/UART_DEB.c **** *  Sets level in the TX FIFO to generate a TX level interrupt.
 261:.\Generated_Source\PSoC4/UART_DEB.c **** *  When the TX FIFO has more entries than the TX FIFO level an TX level
 262:.\Generated_Source\PSoC4/UART_DEB.c **** *  interrupt request is generated.
 263:.\Generated_Source\PSoC4/UART_DEB.c **** *
 264:.\Generated_Source\PSoC4/UART_DEB.c **** * Parameters:
 265:.\Generated_Source\PSoC4/UART_DEB.c **** *  level: Level in the TX FIFO to generate TX level interrupt.
 266:.\Generated_Source\PSoC4/UART_DEB.c **** *         The range of valid level values is between 0 and TX FIFO depth - 1.
 267:.\Generated_Source\PSoC4/UART_DEB.c **** *
 268:.\Generated_Source\PSoC4/UART_DEB.c **** * Return:
 269:.\Generated_Source\PSoC4/UART_DEB.c **** *  None
 270:.\Generated_Source\PSoC4/UART_DEB.c **** *
 271:.\Generated_Source\PSoC4/UART_DEB.c **** *******************************************************************************/
 272:.\Generated_Source\PSoC4/UART_DEB.c **** void UART_DEB_SetTxFifoLevel(uint32 level)
 273:.\Generated_Source\PSoC4/UART_DEB.c **** {
 234              		.loc 1 273 0
 235              		.cfi_startproc
 236 0000 80B5     		push	{r7, lr}
 237              		.cfi_def_cfa_offset 8
 238              		.cfi_offset 7, -8
 239              		.cfi_offset 14, -4
 240 0002 84B0     		sub	sp, sp, #16
ARM GAS  C:\Users\wzh\AppData\Local\Temp\ccM0RiSe.s 			page 10


 241              		.cfi_def_cfa_offset 24
 242 0004 00AF     		add	r7, sp, #0
 243              		.cfi_def_cfa_register 7
 244 0006 7860     		str	r0, [r7, #4]
 274:.\Generated_Source\PSoC4/UART_DEB.c ****     uint32 txFifoCtrl;
 275:.\Generated_Source\PSoC4/UART_DEB.c **** 
 276:.\Generated_Source\PSoC4/UART_DEB.c ****     txFifoCtrl = UART_DEB_TX_FIFO_CTRL_REG;
 245              		.loc 1 276 0
 246 0008 094B     		ldr	r3, .L16
 247 000a 1B68     		ldr	r3, [r3]
 248 000c FB60     		str	r3, [r7, #12]
 277:.\Generated_Source\PSoC4/UART_DEB.c **** 
 278:.\Generated_Source\PSoC4/UART_DEB.c ****     txFifoCtrl &= ((uint32) ~UART_DEB_TX_FIFO_CTRL_TRIGGER_LEVEL_MASK); /* Clear level mask bits */
 249              		.loc 1 278 0
 250 000e FB68     		ldr	r3, [r7, #12]
 251 0010 0F22     		mov	r2, #15
 252 0012 9343     		bic	r3, r2
 253 0014 FB60     		str	r3, [r7, #12]
 279:.\Generated_Source\PSoC4/UART_DEB.c ****     txFifoCtrl |= ((uint32) (UART_DEB_TX_FIFO_CTRL_TRIGGER_LEVEL_MASK & level));
 254              		.loc 1 279 0
 255 0016 7A68     		ldr	r2, [r7, #4]
 256 0018 0F23     		mov	r3, #15
 257 001a 1340     		and	r3, r2
 258 001c FA68     		ldr	r2, [r7, #12]
 259 001e 1343     		orr	r3, r2
 260 0020 FB60     		str	r3, [r7, #12]
 280:.\Generated_Source\PSoC4/UART_DEB.c **** 
 281:.\Generated_Source\PSoC4/UART_DEB.c ****     UART_DEB_TX_FIFO_CTRL_REG = txFifoCtrl;
 261              		.loc 1 281 0
 262 0022 034B     		ldr	r3, .L16
 263 0024 FA68     		ldr	r2, [r7, #12]
 264 0026 1A60     		str	r2, [r3]
 282:.\Generated_Source\PSoC4/UART_DEB.c **** }
 265              		.loc 1 282 0
 266 0028 BD46     		mov	sp, r7
 267 002a 04B0     		add	sp, sp, #16
 268              		@ sp needed
 269 002c 80BD     		pop	{r7, pc}
 270              	.L17:
 271 002e C046     		.align	2
 272              	.L16:
 273 0030 04022440 		.word	1076101636
 274              		.cfi_endproc
 275              	.LFE7:
 276              		.size	UART_DEB_SetTxFifoLevel, .-UART_DEB_SetTxFifoLevel
 277              		.section	.text.UART_DEB_SetCustomInterruptHandler,"ax",%progbits
 278              		.align	2
 279              		.global	UART_DEB_SetCustomInterruptHandler
 280              		.code	16
 281              		.thumb_func
 282              		.type	UART_DEB_SetCustomInterruptHandler, %function
 283              	UART_DEB_SetCustomInterruptHandler:
 284              	.LFB8:
 283:.\Generated_Source\PSoC4/UART_DEB.c **** 
 284:.\Generated_Source\PSoC4/UART_DEB.c **** 
 285:.\Generated_Source\PSoC4/UART_DEB.c **** /*******************************************************************************
 286:.\Generated_Source\PSoC4/UART_DEB.c **** * Function Name: UART_DEB_SetCustomInterruptHandler
ARM GAS  C:\Users\wzh\AppData\Local\Temp\ccM0RiSe.s 			page 11


 287:.\Generated_Source\PSoC4/UART_DEB.c **** ********************************************************************************
 288:.\Generated_Source\PSoC4/UART_DEB.c **** *
 289:.\Generated_Source\PSoC4/UART_DEB.c **** * Summary:
 290:.\Generated_Source\PSoC4/UART_DEB.c **** *  Registers a function to be called by the internal interrupt handler.
 291:.\Generated_Source\PSoC4/UART_DEB.c **** *  First the function that is registered is called, then the internal interrupt
 292:.\Generated_Source\PSoC4/UART_DEB.c **** *  handler performs any operation such as software buffer management functions
 293:.\Generated_Source\PSoC4/UART_DEB.c **** *  before the interrupt returns.  It is the user's responsibility not to break
 294:.\Generated_Source\PSoC4/UART_DEB.c **** *  the software buffer operations. Only one custom handler is supported, which
 295:.\Generated_Source\PSoC4/UART_DEB.c **** *  is the function provided by the most recent call.
 296:.\Generated_Source\PSoC4/UART_DEB.c **** *  At the initialization time no custom handler is registered.
 297:.\Generated_Source\PSoC4/UART_DEB.c **** *
 298:.\Generated_Source\PSoC4/UART_DEB.c **** * Parameters:
 299:.\Generated_Source\PSoC4/UART_DEB.c **** *  func: Pointer to the function to register.
 300:.\Generated_Source\PSoC4/UART_DEB.c **** *        The value NULL indicates to remove the current custom interrupt
 301:.\Generated_Source\PSoC4/UART_DEB.c **** *        handler.
 302:.\Generated_Source\PSoC4/UART_DEB.c **** *
 303:.\Generated_Source\PSoC4/UART_DEB.c **** * Return:
 304:.\Generated_Source\PSoC4/UART_DEB.c **** *  None
 305:.\Generated_Source\PSoC4/UART_DEB.c **** *
 306:.\Generated_Source\PSoC4/UART_DEB.c **** *******************************************************************************/
 307:.\Generated_Source\PSoC4/UART_DEB.c **** void UART_DEB_SetCustomInterruptHandler(cyisraddress func)
 308:.\Generated_Source\PSoC4/UART_DEB.c **** {
 285              		.loc 1 308 0
 286              		.cfi_startproc
 287 0000 80B5     		push	{r7, lr}
 288              		.cfi_def_cfa_offset 8
 289              		.cfi_offset 7, -8
 290              		.cfi_offset 14, -4
 291 0002 82B0     		sub	sp, sp, #8
 292              		.cfi_def_cfa_offset 16
 293 0004 00AF     		add	r7, sp, #0
 294              		.cfi_def_cfa_register 7
 295 0006 7860     		str	r0, [r7, #4]
 309:.\Generated_Source\PSoC4/UART_DEB.c **** #if !defined (CY_REMOVE_UART_DEB_CUSTOM_INTR_HANDLER)
 310:.\Generated_Source\PSoC4/UART_DEB.c ****     UART_DEB_customIntrHandler = func; /* Register interrupt handler */
 296              		.loc 1 310 0
 297 0008 024B     		ldr	r3, .L19
 298 000a 7A68     		ldr	r2, [r7, #4]
 299 000c 1A60     		str	r2, [r3]
 311:.\Generated_Source\PSoC4/UART_DEB.c **** #else
 312:.\Generated_Source\PSoC4/UART_DEB.c ****     if(NULL != func)
 313:.\Generated_Source\PSoC4/UART_DEB.c ****     {
 314:.\Generated_Source\PSoC4/UART_DEB.c ****         /* Suppress compiler warning */
 315:.\Generated_Source\PSoC4/UART_DEB.c ****     }
 316:.\Generated_Source\PSoC4/UART_DEB.c **** #endif /* !defined (CY_REMOVE_UART_DEB_CUSTOM_INTR_HANDLER) */
 317:.\Generated_Source\PSoC4/UART_DEB.c **** }
 300              		.loc 1 317 0
 301 000e BD46     		mov	sp, r7
 302 0010 02B0     		add	sp, sp, #8
 303              		@ sp needed
 304 0012 80BD     		pop	{r7, pc}
 305              	.L20:
 306              		.align	2
 307              	.L19:
 308 0014 00000000 		.word	UART_DEB_customIntrHandler
 309              		.cfi_endproc
 310              	.LFE8:
ARM GAS  C:\Users\wzh\AppData\Local\Temp\ccM0RiSe.s 			page 12


 311              		.size	UART_DEB_SetCustomInterruptHandler, .-UART_DEB_SetCustomInterruptHandler
 312              		.section	.text.UART_DEB_ScbEnableIntr,"ax",%progbits
 313              		.align	2
 314              		.code	16
 315              		.thumb_func
 316              		.type	UART_DEB_ScbEnableIntr, %function
 317              	UART_DEB_ScbEnableIntr:
 318              	.LFB9:
 318:.\Generated_Source\PSoC4/UART_DEB.c **** 
 319:.\Generated_Source\PSoC4/UART_DEB.c **** 
 320:.\Generated_Source\PSoC4/UART_DEB.c **** /*******************************************************************************
 321:.\Generated_Source\PSoC4/UART_DEB.c **** * Function Name: UART_DEB_ScbModeEnableIntr
 322:.\Generated_Source\PSoC4/UART_DEB.c **** ********************************************************************************
 323:.\Generated_Source\PSoC4/UART_DEB.c **** *
 324:.\Generated_Source\PSoC4/UART_DEB.c **** * Summary:
 325:.\Generated_Source\PSoC4/UART_DEB.c **** *  Enables an interrupt for a specific mode.
 326:.\Generated_Source\PSoC4/UART_DEB.c **** *
 327:.\Generated_Source\PSoC4/UART_DEB.c **** * Parameters:
 328:.\Generated_Source\PSoC4/UART_DEB.c **** *  None
 329:.\Generated_Source\PSoC4/UART_DEB.c **** *
 330:.\Generated_Source\PSoC4/UART_DEB.c **** * Return:
 331:.\Generated_Source\PSoC4/UART_DEB.c **** *  None
 332:.\Generated_Source\PSoC4/UART_DEB.c **** *
 333:.\Generated_Source\PSoC4/UART_DEB.c **** *******************************************************************************/
 334:.\Generated_Source\PSoC4/UART_DEB.c **** static void UART_DEB_ScbEnableIntr(void)
 335:.\Generated_Source\PSoC4/UART_DEB.c **** {
 319              		.loc 1 335 0
 320              		.cfi_startproc
 321 0000 80B5     		push	{r7, lr}
 322              		.cfi_def_cfa_offset 8
 323              		.cfi_offset 7, -8
 324              		.cfi_offset 14, -4
 325 0002 00AF     		add	r7, sp, #0
 326              		.cfi_def_cfa_register 7
 336:.\Generated_Source\PSoC4/UART_DEB.c **** #if(UART_DEB_SCB_IRQ_INTERNAL)
 337:.\Generated_Source\PSoC4/UART_DEB.c ****     #if(UART_DEB_SCB_MODE_UNCONFIG_CONST_CFG)
 338:.\Generated_Source\PSoC4/UART_DEB.c ****         /* Enable interrupt in NVIC */
 339:.\Generated_Source\PSoC4/UART_DEB.c ****         if(0u != UART_DEB_scbEnableIntr)
 340:.\Generated_Source\PSoC4/UART_DEB.c ****         {
 341:.\Generated_Source\PSoC4/UART_DEB.c ****             UART_DEB_EnableInt();
 342:.\Generated_Source\PSoC4/UART_DEB.c ****         }
 343:.\Generated_Source\PSoC4/UART_DEB.c ****     #else
 344:.\Generated_Source\PSoC4/UART_DEB.c ****         UART_DEB_EnableInt();
 327              		.loc 1 344 0
 328 0004 0920     		mov	r0, #9
 329 0006 FFF7FEFF 		bl	CyIntEnable
 345:.\Generated_Source\PSoC4/UART_DEB.c **** 
 346:.\Generated_Source\PSoC4/UART_DEB.c ****     #endif /* (UART_DEB_SCB_MODE_UNCONFIG_CONST_CFG) */
 347:.\Generated_Source\PSoC4/UART_DEB.c **** #endif /* (UART_DEB_SCB_IRQ_INTERNAL) */
 348:.\Generated_Source\PSoC4/UART_DEB.c **** }
 330              		.loc 1 348 0
 331 000a BD46     		mov	sp, r7
 332              		@ sp needed
 333 000c 80BD     		pop	{r7, pc}
 334              		.cfi_endproc
 335              	.LFE9:
 336              		.size	UART_DEB_ScbEnableIntr, .-UART_DEB_ScbEnableIntr
ARM GAS  C:\Users\wzh\AppData\Local\Temp\ccM0RiSe.s 			page 13


 337              		.section	.text.UART_DEB_ScbModeStop,"ax",%progbits
 338              		.align	2
 339              		.code	16
 340              		.thumb_func
 341              		.type	UART_DEB_ScbModeStop, %function
 342              	UART_DEB_ScbModeStop:
 343              	.LFB10:
 349:.\Generated_Source\PSoC4/UART_DEB.c **** 
 350:.\Generated_Source\PSoC4/UART_DEB.c **** 
 351:.\Generated_Source\PSoC4/UART_DEB.c **** /*******************************************************************************
 352:.\Generated_Source\PSoC4/UART_DEB.c **** * Function Name: UART_DEB_ScbModeStop
 353:.\Generated_Source\PSoC4/UART_DEB.c **** ********************************************************************************
 354:.\Generated_Source\PSoC4/UART_DEB.c **** *
 355:.\Generated_Source\PSoC4/UART_DEB.c **** * Summary:
 356:.\Generated_Source\PSoC4/UART_DEB.c **** *  Calls the Stop function for a specific operation mode.
 357:.\Generated_Source\PSoC4/UART_DEB.c **** *
 358:.\Generated_Source\PSoC4/UART_DEB.c **** * Parameters:
 359:.\Generated_Source\PSoC4/UART_DEB.c **** *  None
 360:.\Generated_Source\PSoC4/UART_DEB.c **** *
 361:.\Generated_Source\PSoC4/UART_DEB.c **** * Return:
 362:.\Generated_Source\PSoC4/UART_DEB.c **** *  None
 363:.\Generated_Source\PSoC4/UART_DEB.c **** *
 364:.\Generated_Source\PSoC4/UART_DEB.c **** *******************************************************************************/
 365:.\Generated_Source\PSoC4/UART_DEB.c **** static void UART_DEB_ScbModeStop(void)
 366:.\Generated_Source\PSoC4/UART_DEB.c **** {
 344              		.loc 1 366 0
 345              		.cfi_startproc
 346 0000 80B5     		push	{r7, lr}
 347              		.cfi_def_cfa_offset 8
 348              		.cfi_offset 7, -8
 349              		.cfi_offset 14, -4
 350 0002 00AF     		add	r7, sp, #0
 351              		.cfi_def_cfa_register 7
 367:.\Generated_Source\PSoC4/UART_DEB.c **** #if(UART_DEB_SCB_MODE_UNCONFIG_CONST_CFG)
 368:.\Generated_Source\PSoC4/UART_DEB.c ****     if(UART_DEB_SCB_MODE_I2C_RUNTM_CFG)
 369:.\Generated_Source\PSoC4/UART_DEB.c ****     {
 370:.\Generated_Source\PSoC4/UART_DEB.c ****         UART_DEB_I2CStop();
 371:.\Generated_Source\PSoC4/UART_DEB.c ****     }
 372:.\Generated_Source\PSoC4/UART_DEB.c ****     else if (UART_DEB_SCB_MODE_EZI2C_RUNTM_CFG)
 373:.\Generated_Source\PSoC4/UART_DEB.c ****     {
 374:.\Generated_Source\PSoC4/UART_DEB.c ****         UART_DEB_EzI2CStop();
 375:.\Generated_Source\PSoC4/UART_DEB.c ****     }
 376:.\Generated_Source\PSoC4/UART_DEB.c **** #if (!UART_DEB_CY_SCBIP_V1)
 377:.\Generated_Source\PSoC4/UART_DEB.c ****     else if (UART_DEB_SCB_MODE_UART_RUNTM_CFG)
 378:.\Generated_Source\PSoC4/UART_DEB.c ****     {
 379:.\Generated_Source\PSoC4/UART_DEB.c ****         UART_DEB_UartStop();
 380:.\Generated_Source\PSoC4/UART_DEB.c ****     }
 381:.\Generated_Source\PSoC4/UART_DEB.c **** #endif /* (!UART_DEB_CY_SCBIP_V1) */
 382:.\Generated_Source\PSoC4/UART_DEB.c ****     else
 383:.\Generated_Source\PSoC4/UART_DEB.c ****     {
 384:.\Generated_Source\PSoC4/UART_DEB.c ****         /* Do nothing for other modes */
 385:.\Generated_Source\PSoC4/UART_DEB.c ****     }
 386:.\Generated_Source\PSoC4/UART_DEB.c **** #elif(UART_DEB_SCB_MODE_I2C_CONST_CFG)
 387:.\Generated_Source\PSoC4/UART_DEB.c ****     UART_DEB_I2CStop();
 388:.\Generated_Source\PSoC4/UART_DEB.c **** 
 389:.\Generated_Source\PSoC4/UART_DEB.c **** #elif(UART_DEB_SCB_MODE_EZI2C_CONST_CFG)
 390:.\Generated_Source\PSoC4/UART_DEB.c ****     UART_DEB_EzI2CStop();
ARM GAS  C:\Users\wzh\AppData\Local\Temp\ccM0RiSe.s 			page 14


 391:.\Generated_Source\PSoC4/UART_DEB.c **** 
 392:.\Generated_Source\PSoC4/UART_DEB.c **** #elif(UART_DEB_SCB_MODE_UART_CONST_CFG)
 393:.\Generated_Source\PSoC4/UART_DEB.c ****     UART_DEB_UartStop();
 394:.\Generated_Source\PSoC4/UART_DEB.c **** 
 395:.\Generated_Source\PSoC4/UART_DEB.c **** #endif /* (UART_DEB_SCB_MODE_UNCONFIG_CONST_CFG) */
 396:.\Generated_Source\PSoC4/UART_DEB.c **** }
 352              		.loc 1 396 0
 353 0004 BD46     		mov	sp, r7
 354              		@ sp needed
 355 0006 80BD     		pop	{r7, pc}
 356              		.cfi_endproc
 357              	.LFE10:
 358              		.size	UART_DEB_ScbModeStop, .-UART_DEB_ScbModeStop
 359              		.text
 360              	.Letext0:
 361              		.file 2 ".\\Generated_Source\\PSoC4/cytypes.h"
 362              		.section	.debug_info,"",%progbits
 363              	.Ldebug_info0:
 364 0000 D5010000 		.4byte	0x1d5
 365 0004 0400     		.2byte	0x4
 366 0006 00000000 		.4byte	.Ldebug_abbrev0
 367 000a 04       		.byte	0x4
 368 000b 01       		.uleb128 0x1
 369 000c 57000000 		.4byte	.LASF32
 370 0010 01       		.byte	0x1
 371 0011 DA010000 		.4byte	.LASF33
 372 0015 66020000 		.4byte	.LASF34
 373 0019 00000000 		.4byte	.Ldebug_ranges0+0
 374 001d 00000000 		.4byte	0
 375 0021 00000000 		.4byte	.Ldebug_line0
 376 0025 02       		.uleb128 0x2
 377 0026 01       		.byte	0x1
 378 0027 06       		.byte	0x6
 379 0028 45020000 		.4byte	.LASF0
 380 002c 02       		.uleb128 0x2
 381 002d 01       		.byte	0x1
 382 002e 08       		.byte	0x8
 383 002f F6000000 		.4byte	.LASF1
 384 0033 02       		.uleb128 0x2
 385 0034 02       		.byte	0x2
 386 0035 05       		.byte	0x5
 387 0036 15020000 		.4byte	.LASF2
 388 003a 02       		.uleb128 0x2
 389 003b 02       		.byte	0x2
 390 003c 07       		.byte	0x7
 391 003d 33000000 		.4byte	.LASF3
 392 0041 02       		.uleb128 0x2
 393 0042 04       		.byte	0x4
 394 0043 05       		.byte	0x5
 395 0044 37020000 		.4byte	.LASF4
 396 0048 02       		.uleb128 0x2
 397 0049 04       		.byte	0x4
 398 004a 07       		.byte	0x7
 399 004b 04010000 		.4byte	.LASF5
 400 004f 02       		.uleb128 0x2
 401 0050 08       		.byte	0x8
 402 0051 05       		.byte	0x5
ARM GAS  C:\Users\wzh\AppData\Local\Temp\ccM0RiSe.s 			page 15


 403 0052 CC010000 		.4byte	.LASF6
 404 0056 02       		.uleb128 0x2
 405 0057 08       		.byte	0x8
 406 0058 07       		.byte	0x7
 407 0059 84010000 		.4byte	.LASF7
 408 005d 03       		.uleb128 0x3
 409 005e 04       		.byte	0x4
 410 005f 05       		.byte	0x5
 411 0060 696E7400 		.ascii	"int\000"
 412 0064 02       		.uleb128 0x2
 413 0065 04       		.byte	0x4
 414 0066 07       		.byte	0x7
 415 0067 68010000 		.4byte	.LASF8
 416 006b 04       		.uleb128 0x4
 417 006c 16010000 		.4byte	.LASF9
 418 0070 02       		.byte	0x2
 419 0071 A1       		.byte	0xa1
 420 0072 2C000000 		.4byte	0x2c
 421 0076 04       		.uleb128 0x4
 422 0077 61010000 		.4byte	.LASF10
 423 007b 02       		.byte	0x2
 424 007c A3       		.byte	0xa3
 425 007d 48000000 		.4byte	0x48
 426 0081 02       		.uleb128 0x2
 427 0082 04       		.byte	0x4
 428 0083 04       		.byte	0x4
 429 0084 51000000 		.4byte	.LASF11
 430 0088 02       		.uleb128 0x2
 431 0089 08       		.byte	0x8
 432 008a 04       		.byte	0x4
 433 008b 45010000 		.4byte	.LASF12
 434 008f 02       		.uleb128 0x2
 435 0090 01       		.byte	0x1
 436 0091 08       		.byte	0x8
 437 0092 40020000 		.4byte	.LASF13
 438 0096 05       		.uleb128 0x5
 439 0097 00000000 		.4byte	.LASF14
 440 009b 02       		.byte	0x2
 441 009c 4D01     		.2byte	0x14d
 442 009e A2000000 		.4byte	0xa2
 443 00a2 06       		.uleb128 0x6
 444 00a3 76000000 		.4byte	0x76
 445 00a7 05       		.uleb128 0x5
 446 00a8 B6010000 		.4byte	.LASF15
 447 00ac 02       		.byte	0x2
 448 00ad 5D01     		.2byte	0x15d
 449 00af B3000000 		.4byte	0xb3
 450 00b3 07       		.uleb128 0x7
 451 00b4 04       		.byte	0x4
 452 00b5 B9000000 		.4byte	0xb9
 453 00b9 08       		.uleb128 0x8
 454 00ba 02       		.uleb128 0x2
 455 00bb 04       		.byte	0x4
 456 00bc 07       		.byte	0x7
 457 00bd C3010000 		.4byte	.LASF16
 458 00c1 09       		.uleb128 0x9
 459 00c2 17000000 		.4byte	.LASF17
ARM GAS  C:\Users\wzh\AppData\Local\Temp\ccM0RiSe.s 			page 16


 460 00c6 01       		.byte	0x1
 461 00c7 63       		.byte	0x63
 462 00c8 00000000 		.4byte	.LFB2
 463 00cc 0C000000 		.4byte	.LFE2-.LFB2
 464 00d0 01       		.uleb128 0x1
 465 00d1 9C       		.byte	0x9c
 466 00d2 09       		.uleb128 0x9
 467 00d3 4C010000 		.4byte	.LASF18
 468 00d7 01       		.byte	0x1
 469 00d8 8F       		.byte	0x8f
 470 00d9 00000000 		.4byte	.LFB3
 471 00dd 20000000 		.4byte	.LFE3-.LFB3
 472 00e1 01       		.uleb128 0x1
 473 00e2 9C       		.byte	0x9c
 474 00e3 09       		.uleb128 0x9
 475 00e4 75010000 		.4byte	.LASF19
 476 00e8 01       		.byte	0x1
 477 00e9 B7       		.byte	0xb7
 478 00ea 00000000 		.4byte	.LFB4
 479 00ee 24000000 		.4byte	.LFE4-.LFB4
 480 00f2 01       		.uleb128 0x1
 481 00f3 9C       		.byte	0x9c
 482 00f4 09       		.uleb128 0x9
 483 00f5 25000000 		.4byte	.LASF20
 484 00f9 01       		.byte	0x1
 485 00fa D1       		.byte	0xd1
 486 00fb 00000000 		.4byte	.LFB5
 487 00ff 28000000 		.4byte	.LFE5-.LFB5
 488 0103 01       		.uleb128 0x1
 489 0104 9C       		.byte	0x9c
 490 0105 0A       		.uleb128 0xa
 491 0106 2D010000 		.4byte	.LASF21
 492 010a 01       		.byte	0x1
 493 010b F2       		.byte	0xf2
 494 010c 00000000 		.4byte	.LFB6
 495 0110 34000000 		.4byte	.LFE6-.LFB6
 496 0114 01       		.uleb128 0x1
 497 0115 9C       		.byte	0x9c
 498 0116 37010000 		.4byte	0x137
 499 011a 0B       		.uleb128 0xb
 500 011b 11000000 		.4byte	.LASF23
 501 011f 01       		.byte	0x1
 502 0120 F2       		.byte	0xf2
 503 0121 76000000 		.4byte	0x76
 504 0125 02       		.uleb128 0x2
 505 0126 91       		.byte	0x91
 506 0127 6C       		.sleb128 -20
 507 0128 0C       		.uleb128 0xc
 508 0129 46000000 		.4byte	.LASF24
 509 012d 01       		.byte	0x1
 510 012e F4       		.byte	0xf4
 511 012f 76000000 		.4byte	0x76
 512 0133 02       		.uleb128 0x2
 513 0134 91       		.byte	0x91
 514 0135 74       		.sleb128 -12
 515 0136 00       		.byte	0
 516 0137 0D       		.uleb128 0xd
ARM GAS  C:\Users\wzh\AppData\Local\Temp\ccM0RiSe.s 			page 17


 517 0138 1F020000 		.4byte	.LASF22
 518 013c 01       		.byte	0x1
 519 013d 1001     		.2byte	0x110
 520 013f 00000000 		.4byte	.LFB7
 521 0143 34000000 		.4byte	.LFE7-.LFB7
 522 0147 01       		.uleb128 0x1
 523 0148 9C       		.byte	0x9c
 524 0149 6C010000 		.4byte	0x16c
 525 014d 0E       		.uleb128 0xe
 526 014e 11000000 		.4byte	.LASF23
 527 0152 01       		.byte	0x1
 528 0153 1001     		.2byte	0x110
 529 0155 76000000 		.4byte	0x76
 530 0159 02       		.uleb128 0x2
 531 015a 91       		.byte	0x91
 532 015b 6C       		.sleb128 -20
 533 015c 0F       		.uleb128 0xf
 534 015d 06000000 		.4byte	.LASF25
 535 0161 01       		.byte	0x1
 536 0162 1201     		.2byte	0x112
 537 0164 76000000 		.4byte	0x76
 538 0168 02       		.uleb128 0x2
 539 0169 91       		.byte	0x91
 540 016a 74       		.sleb128 -12
 541 016b 00       		.byte	0
 542 016c 0D       		.uleb128 0xd
 543 016d D3000000 		.4byte	.LASF26
 544 0171 01       		.byte	0x1
 545 0172 3301     		.2byte	0x133
 546 0174 00000000 		.4byte	.LFB8
 547 0178 18000000 		.4byte	.LFE8-.LFB8
 548 017c 01       		.uleb128 0x1
 549 017d 9C       		.byte	0x9c
 550 017e 92010000 		.4byte	0x192
 551 0182 0E       		.uleb128 0xe
 552 0183 5C010000 		.4byte	.LASF27
 553 0187 01       		.byte	0x1
 554 0188 3301     		.2byte	0x133
 555 018a A7000000 		.4byte	0xa7
 556 018e 02       		.uleb128 0x2
 557 018f 91       		.byte	0x91
 558 0190 74       		.sleb128 -12
 559 0191 00       		.byte	0
 560 0192 10       		.uleb128 0x10
 561 0193 FE010000 		.4byte	.LASF28
 562 0197 01       		.byte	0x1
 563 0198 4E01     		.2byte	0x14e
 564 019a 00000000 		.4byte	.LFB9
 565 019e 0E000000 		.4byte	.LFE9-.LFB9
 566 01a2 01       		.uleb128 0x1
 567 01a3 9C       		.byte	0x9c
 568 01a4 11       		.uleb128 0x11
 569 01a5 51020000 		.4byte	.LASF29
 570 01a9 01       		.byte	0x1
 571 01aa 6D01     		.2byte	0x16d
 572 01ac 00000000 		.4byte	.LFB10
 573 01b0 08000000 		.4byte	.LFE10-.LFB10
ARM GAS  C:\Users\wzh\AppData\Local\Temp\ccM0RiSe.s 			page 18


 574 01b4 01       		.uleb128 0x1
 575 01b5 9C       		.byte	0x9c
 576 01b6 12       		.uleb128 0x12
 577 01b7 1C010000 		.4byte	.LASF30
 578 01bb 01       		.byte	0x1
 579 01bc 42       		.byte	0x42
 580 01bd 6B000000 		.4byte	0x6b
 581 01c1 05       		.uleb128 0x5
 582 01c2 03       		.byte	0x3
 583 01c3 00000000 		.4byte	UART_DEB_initVar
 584 01c7 12       		.uleb128 0x12
 585 01c8 9B010000 		.4byte	.LASF31
 586 01cc 01       		.byte	0x1
 587 01cd 45       		.byte	0x45
 588 01ce A7000000 		.4byte	0xa7
 589 01d2 05       		.uleb128 0x5
 590 01d3 03       		.byte	0x3
 591 01d4 00000000 		.4byte	UART_DEB_customIntrHandler
 592 01d8 00       		.byte	0
 593              		.section	.debug_abbrev,"",%progbits
 594              	.Ldebug_abbrev0:
 595 0000 01       		.uleb128 0x1
 596 0001 11       		.uleb128 0x11
 597 0002 01       		.byte	0x1
 598 0003 25       		.uleb128 0x25
 599 0004 0E       		.uleb128 0xe
 600 0005 13       		.uleb128 0x13
 601 0006 0B       		.uleb128 0xb
 602 0007 03       		.uleb128 0x3
 603 0008 0E       		.uleb128 0xe
 604 0009 1B       		.uleb128 0x1b
 605 000a 0E       		.uleb128 0xe
 606 000b 55       		.uleb128 0x55
 607 000c 17       		.uleb128 0x17
 608 000d 11       		.uleb128 0x11
 609 000e 01       		.uleb128 0x1
 610 000f 10       		.uleb128 0x10
 611 0010 17       		.uleb128 0x17
 612 0011 00       		.byte	0
 613 0012 00       		.byte	0
 614 0013 02       		.uleb128 0x2
 615 0014 24       		.uleb128 0x24
 616 0015 00       		.byte	0
 617 0016 0B       		.uleb128 0xb
 618 0017 0B       		.uleb128 0xb
 619 0018 3E       		.uleb128 0x3e
 620 0019 0B       		.uleb128 0xb
 621 001a 03       		.uleb128 0x3
 622 001b 0E       		.uleb128 0xe
 623 001c 00       		.byte	0
 624 001d 00       		.byte	0
 625 001e 03       		.uleb128 0x3
 626 001f 24       		.uleb128 0x24
 627 0020 00       		.byte	0
 628 0021 0B       		.uleb128 0xb
 629 0022 0B       		.uleb128 0xb
 630 0023 3E       		.uleb128 0x3e
ARM GAS  C:\Users\wzh\AppData\Local\Temp\ccM0RiSe.s 			page 19


 631 0024 0B       		.uleb128 0xb
 632 0025 03       		.uleb128 0x3
 633 0026 08       		.uleb128 0x8
 634 0027 00       		.byte	0
 635 0028 00       		.byte	0
 636 0029 04       		.uleb128 0x4
 637 002a 16       		.uleb128 0x16
 638 002b 00       		.byte	0
 639 002c 03       		.uleb128 0x3
 640 002d 0E       		.uleb128 0xe
 641 002e 3A       		.uleb128 0x3a
 642 002f 0B       		.uleb128 0xb
 643 0030 3B       		.uleb128 0x3b
 644 0031 0B       		.uleb128 0xb
 645 0032 49       		.uleb128 0x49
 646 0033 13       		.uleb128 0x13
 647 0034 00       		.byte	0
 648 0035 00       		.byte	0
 649 0036 05       		.uleb128 0x5
 650 0037 16       		.uleb128 0x16
 651 0038 00       		.byte	0
 652 0039 03       		.uleb128 0x3
 653 003a 0E       		.uleb128 0xe
 654 003b 3A       		.uleb128 0x3a
 655 003c 0B       		.uleb128 0xb
 656 003d 3B       		.uleb128 0x3b
 657 003e 05       		.uleb128 0x5
 658 003f 49       		.uleb128 0x49
 659 0040 13       		.uleb128 0x13
 660 0041 00       		.byte	0
 661 0042 00       		.byte	0
 662 0043 06       		.uleb128 0x6
 663 0044 35       		.uleb128 0x35
 664 0045 00       		.byte	0
 665 0046 49       		.uleb128 0x49
 666 0047 13       		.uleb128 0x13
 667 0048 00       		.byte	0
 668 0049 00       		.byte	0
 669 004a 07       		.uleb128 0x7
 670 004b 0F       		.uleb128 0xf
 671 004c 00       		.byte	0
 672 004d 0B       		.uleb128 0xb
 673 004e 0B       		.uleb128 0xb
 674 004f 49       		.uleb128 0x49
 675 0050 13       		.uleb128 0x13
 676 0051 00       		.byte	0
 677 0052 00       		.byte	0
 678 0053 08       		.uleb128 0x8
 679 0054 15       		.uleb128 0x15
 680 0055 00       		.byte	0
 681 0056 27       		.uleb128 0x27
 682 0057 19       		.uleb128 0x19
 683 0058 00       		.byte	0
 684 0059 00       		.byte	0
 685 005a 09       		.uleb128 0x9
 686 005b 2E       		.uleb128 0x2e
 687 005c 00       		.byte	0
ARM GAS  C:\Users\wzh\AppData\Local\Temp\ccM0RiSe.s 			page 20


 688 005d 3F       		.uleb128 0x3f
 689 005e 19       		.uleb128 0x19
 690 005f 03       		.uleb128 0x3
 691 0060 0E       		.uleb128 0xe
 692 0061 3A       		.uleb128 0x3a
 693 0062 0B       		.uleb128 0xb
 694 0063 3B       		.uleb128 0x3b
 695 0064 0B       		.uleb128 0xb
 696 0065 27       		.uleb128 0x27
 697 0066 19       		.uleb128 0x19
 698 0067 11       		.uleb128 0x11
 699 0068 01       		.uleb128 0x1
 700 0069 12       		.uleb128 0x12
 701 006a 06       		.uleb128 0x6
 702 006b 40       		.uleb128 0x40
 703 006c 18       		.uleb128 0x18
 704 006d 9642     		.uleb128 0x2116
 705 006f 19       		.uleb128 0x19
 706 0070 00       		.byte	0
 707 0071 00       		.byte	0
 708 0072 0A       		.uleb128 0xa
 709 0073 2E       		.uleb128 0x2e
 710 0074 01       		.byte	0x1
 711 0075 3F       		.uleb128 0x3f
 712 0076 19       		.uleb128 0x19
 713 0077 03       		.uleb128 0x3
 714 0078 0E       		.uleb128 0xe
 715 0079 3A       		.uleb128 0x3a
 716 007a 0B       		.uleb128 0xb
 717 007b 3B       		.uleb128 0x3b
 718 007c 0B       		.uleb128 0xb
 719 007d 27       		.uleb128 0x27
 720 007e 19       		.uleb128 0x19
 721 007f 11       		.uleb128 0x11
 722 0080 01       		.uleb128 0x1
 723 0081 12       		.uleb128 0x12
 724 0082 06       		.uleb128 0x6
 725 0083 40       		.uleb128 0x40
 726 0084 18       		.uleb128 0x18
 727 0085 9742     		.uleb128 0x2117
 728 0087 19       		.uleb128 0x19
 729 0088 01       		.uleb128 0x1
 730 0089 13       		.uleb128 0x13
 731 008a 00       		.byte	0
 732 008b 00       		.byte	0
 733 008c 0B       		.uleb128 0xb
 734 008d 05       		.uleb128 0x5
 735 008e 00       		.byte	0
 736 008f 03       		.uleb128 0x3
 737 0090 0E       		.uleb128 0xe
 738 0091 3A       		.uleb128 0x3a
 739 0092 0B       		.uleb128 0xb
 740 0093 3B       		.uleb128 0x3b
 741 0094 0B       		.uleb128 0xb
 742 0095 49       		.uleb128 0x49
 743 0096 13       		.uleb128 0x13
 744 0097 02       		.uleb128 0x2
ARM GAS  C:\Users\wzh\AppData\Local\Temp\ccM0RiSe.s 			page 21


 745 0098 18       		.uleb128 0x18
 746 0099 00       		.byte	0
 747 009a 00       		.byte	0
 748 009b 0C       		.uleb128 0xc
 749 009c 34       		.uleb128 0x34
 750 009d 00       		.byte	0
 751 009e 03       		.uleb128 0x3
 752 009f 0E       		.uleb128 0xe
 753 00a0 3A       		.uleb128 0x3a
 754 00a1 0B       		.uleb128 0xb
 755 00a2 3B       		.uleb128 0x3b
 756 00a3 0B       		.uleb128 0xb
 757 00a4 49       		.uleb128 0x49
 758 00a5 13       		.uleb128 0x13
 759 00a6 02       		.uleb128 0x2
 760 00a7 18       		.uleb128 0x18
 761 00a8 00       		.byte	0
 762 00a9 00       		.byte	0
 763 00aa 0D       		.uleb128 0xd
 764 00ab 2E       		.uleb128 0x2e
 765 00ac 01       		.byte	0x1
 766 00ad 3F       		.uleb128 0x3f
 767 00ae 19       		.uleb128 0x19
 768 00af 03       		.uleb128 0x3
 769 00b0 0E       		.uleb128 0xe
 770 00b1 3A       		.uleb128 0x3a
 771 00b2 0B       		.uleb128 0xb
 772 00b3 3B       		.uleb128 0x3b
 773 00b4 05       		.uleb128 0x5
 774 00b5 27       		.uleb128 0x27
 775 00b6 19       		.uleb128 0x19
 776 00b7 11       		.uleb128 0x11
 777 00b8 01       		.uleb128 0x1
 778 00b9 12       		.uleb128 0x12
 779 00ba 06       		.uleb128 0x6
 780 00bb 40       		.uleb128 0x40
 781 00bc 18       		.uleb128 0x18
 782 00bd 9742     		.uleb128 0x2117
 783 00bf 19       		.uleb128 0x19
 784 00c0 01       		.uleb128 0x1
 785 00c1 13       		.uleb128 0x13
 786 00c2 00       		.byte	0
 787 00c3 00       		.byte	0
 788 00c4 0E       		.uleb128 0xe
 789 00c5 05       		.uleb128 0x5
 790 00c6 00       		.byte	0
 791 00c7 03       		.uleb128 0x3
 792 00c8 0E       		.uleb128 0xe
 793 00c9 3A       		.uleb128 0x3a
 794 00ca 0B       		.uleb128 0xb
 795 00cb 3B       		.uleb128 0x3b
 796 00cc 05       		.uleb128 0x5
 797 00cd 49       		.uleb128 0x49
 798 00ce 13       		.uleb128 0x13
 799 00cf 02       		.uleb128 0x2
 800 00d0 18       		.uleb128 0x18
 801 00d1 00       		.byte	0
ARM GAS  C:\Users\wzh\AppData\Local\Temp\ccM0RiSe.s 			page 22


 802 00d2 00       		.byte	0
 803 00d3 0F       		.uleb128 0xf
 804 00d4 34       		.uleb128 0x34
 805 00d5 00       		.byte	0
 806 00d6 03       		.uleb128 0x3
 807 00d7 0E       		.uleb128 0xe
 808 00d8 3A       		.uleb128 0x3a
 809 00d9 0B       		.uleb128 0xb
 810 00da 3B       		.uleb128 0x3b
 811 00db 05       		.uleb128 0x5
 812 00dc 49       		.uleb128 0x49
 813 00dd 13       		.uleb128 0x13
 814 00de 02       		.uleb128 0x2
 815 00df 18       		.uleb128 0x18
 816 00e0 00       		.byte	0
 817 00e1 00       		.byte	0
 818 00e2 10       		.uleb128 0x10
 819 00e3 2E       		.uleb128 0x2e
 820 00e4 00       		.byte	0
 821 00e5 03       		.uleb128 0x3
 822 00e6 0E       		.uleb128 0xe
 823 00e7 3A       		.uleb128 0x3a
 824 00e8 0B       		.uleb128 0xb
 825 00e9 3B       		.uleb128 0x3b
 826 00ea 05       		.uleb128 0x5
 827 00eb 27       		.uleb128 0x27
 828 00ec 19       		.uleb128 0x19
 829 00ed 11       		.uleb128 0x11
 830 00ee 01       		.uleb128 0x1
 831 00ef 12       		.uleb128 0x12
 832 00f0 06       		.uleb128 0x6
 833 00f1 40       		.uleb128 0x40
 834 00f2 18       		.uleb128 0x18
 835 00f3 9642     		.uleb128 0x2116
 836 00f5 19       		.uleb128 0x19
 837 00f6 00       		.byte	0
 838 00f7 00       		.byte	0
 839 00f8 11       		.uleb128 0x11
 840 00f9 2E       		.uleb128 0x2e
 841 00fa 00       		.byte	0
 842 00fb 03       		.uleb128 0x3
 843 00fc 0E       		.uleb128 0xe
 844 00fd 3A       		.uleb128 0x3a
 845 00fe 0B       		.uleb128 0xb
 846 00ff 3B       		.uleb128 0x3b
 847 0100 05       		.uleb128 0x5
 848 0101 27       		.uleb128 0x27
 849 0102 19       		.uleb128 0x19
 850 0103 11       		.uleb128 0x11
 851 0104 01       		.uleb128 0x1
 852 0105 12       		.uleb128 0x12
 853 0106 06       		.uleb128 0x6
 854 0107 40       		.uleb128 0x40
 855 0108 18       		.uleb128 0x18
 856 0109 9742     		.uleb128 0x2117
 857 010b 19       		.uleb128 0x19
 858 010c 00       		.byte	0
ARM GAS  C:\Users\wzh\AppData\Local\Temp\ccM0RiSe.s 			page 23


 859 010d 00       		.byte	0
 860 010e 12       		.uleb128 0x12
 861 010f 34       		.uleb128 0x34
 862 0110 00       		.byte	0
 863 0111 03       		.uleb128 0x3
 864 0112 0E       		.uleb128 0xe
 865 0113 3A       		.uleb128 0x3a
 866 0114 0B       		.uleb128 0xb
 867 0115 3B       		.uleb128 0x3b
 868 0116 0B       		.uleb128 0xb
 869 0117 49       		.uleb128 0x49
 870 0118 13       		.uleb128 0x13
 871 0119 3F       		.uleb128 0x3f
 872 011a 19       		.uleb128 0x19
 873 011b 02       		.uleb128 0x2
 874 011c 18       		.uleb128 0x18
 875 011d 00       		.byte	0
 876 011e 00       		.byte	0
 877 011f 00       		.byte	0
 878              		.section	.debug_aranges,"",%progbits
 879 0000 5C000000 		.4byte	0x5c
 880 0004 0200     		.2byte	0x2
 881 0006 00000000 		.4byte	.Ldebug_info0
 882 000a 04       		.byte	0x4
 883 000b 00       		.byte	0
 884 000c 0000     		.2byte	0
 885 000e 0000     		.2byte	0
 886 0010 00000000 		.4byte	.LFB2
 887 0014 0C000000 		.4byte	.LFE2-.LFB2
 888 0018 00000000 		.4byte	.LFB3
 889 001c 20000000 		.4byte	.LFE3-.LFB3
 890 0020 00000000 		.4byte	.LFB4
 891 0024 24000000 		.4byte	.LFE4-.LFB4
 892 0028 00000000 		.4byte	.LFB5
 893 002c 28000000 		.4byte	.LFE5-.LFB5
 894 0030 00000000 		.4byte	.LFB6
 895 0034 34000000 		.4byte	.LFE6-.LFB6
 896 0038 00000000 		.4byte	.LFB7
 897 003c 34000000 		.4byte	.LFE7-.LFB7
 898 0040 00000000 		.4byte	.LFB8
 899 0044 18000000 		.4byte	.LFE8-.LFB8
 900 0048 00000000 		.4byte	.LFB9
 901 004c 0E000000 		.4byte	.LFE9-.LFB9
 902 0050 00000000 		.4byte	.LFB10
 903 0054 08000000 		.4byte	.LFE10-.LFB10
 904 0058 00000000 		.4byte	0
 905 005c 00000000 		.4byte	0
 906              		.section	.debug_ranges,"",%progbits
 907              	.Ldebug_ranges0:
 908 0000 00000000 		.4byte	.LFB2
 909 0004 0C000000 		.4byte	.LFE2
 910 0008 00000000 		.4byte	.LFB3
 911 000c 20000000 		.4byte	.LFE3
 912 0010 00000000 		.4byte	.LFB4
 913 0014 24000000 		.4byte	.LFE4
 914 0018 00000000 		.4byte	.LFB5
 915 001c 28000000 		.4byte	.LFE5
ARM GAS  C:\Users\wzh\AppData\Local\Temp\ccM0RiSe.s 			page 24


 916 0020 00000000 		.4byte	.LFB6
 917 0024 34000000 		.4byte	.LFE6
 918 0028 00000000 		.4byte	.LFB7
 919 002c 34000000 		.4byte	.LFE7
 920 0030 00000000 		.4byte	.LFB8
 921 0034 18000000 		.4byte	.LFE8
 922 0038 00000000 		.4byte	.LFB9
 923 003c 0E000000 		.4byte	.LFE9
 924 0040 00000000 		.4byte	.LFB10
 925 0044 08000000 		.4byte	.LFE10
 926 0048 00000000 		.4byte	0
 927 004c 00000000 		.4byte	0
 928              		.section	.debug_line,"",%progbits
 929              	.Ldebug_line0:
 930 0000 03010000 		.section	.debug_str,"MS",%progbits,1
 930      02004700 
 930      00000201 
 930      FB0E0D00 
 930      01010101 
 931              	.LASF14:
 932 0000 72656733 		.ascii	"reg32\000"
 932      3200
 933              	.LASF25:
 934 0006 74784669 		.ascii	"txFifoCtrl\000"
 934      666F4374 
 934      726C00
 935              	.LASF23:
 936 0011 6C657665 		.ascii	"level\000"
 936      6C00
 937              	.LASF17:
 938 0017 55415254 		.ascii	"UART_DEB_Init\000"
 938      5F444542 
 938      5F496E69 
 938      7400
 939              	.LASF20:
 940 0025 55415254 		.ascii	"UART_DEB_Stop\000"
 940      5F444542 
 940      5F53746F 
 940      7000
 941              	.LASF3:
 942 0033 73686F72 		.ascii	"short unsigned int\000"
 942      7420756E 
 942      7369676E 
 942      65642069 
 942      6E7400
 943              	.LASF24:
 944 0046 72784669 		.ascii	"rxFifoCtrl\000"
 944      666F4374 
 944      726C00
 945              	.LASF11:
 946 0051 666C6F61 		.ascii	"float\000"
 946      7400
 947              	.LASF32:
 948 0057 474E5520 		.ascii	"GNU C 4.8.4 20140526 (release) [ARM/embedded-4_8-br"
 948      4320342E 
 948      382E3420 
 948      32303134 
ARM GAS  C:\Users\wzh\AppData\Local\Temp\ccM0RiSe.s 			page 25


 948      30353236 
 949 008a 616E6368 		.ascii	"anch revision 211358] -mcpu=cortex-m0 -mthumb -g -O"
 949      20726576 
 949      6973696F 
 949      6E203231 
 949      31333538 
 950 00bd 30202D66 		.ascii	"0 -ffunction-sections\000"
 950      66756E63 
 950      74696F6E 
 950      2D736563 
 950      74696F6E 
 951              	.LASF26:
 952 00d3 55415254 		.ascii	"UART_DEB_SetCustomInterruptHandler\000"
 952      5F444542 
 952      5F536574 
 952      43757374 
 952      6F6D496E 
 953              	.LASF1:
 954 00f6 756E7369 		.ascii	"unsigned char\000"
 954      676E6564 
 954      20636861 
 954      7200
 955              	.LASF5:
 956 0104 6C6F6E67 		.ascii	"long unsigned int\000"
 956      20756E73 
 956      69676E65 
 956      6420696E 
 956      7400
 957              	.LASF9:
 958 0116 75696E74 		.ascii	"uint8\000"
 958      3800
 959              	.LASF30:
 960 011c 55415254 		.ascii	"UART_DEB_initVar\000"
 960      5F444542 
 960      5F696E69 
 960      74566172 
 960      00
 961              	.LASF21:
 962 012d 55415254 		.ascii	"UART_DEB_SetRxFifoLevel\000"
 962      5F444542 
 962      5F536574 
 962      52784669 
 962      666F4C65 
 963              	.LASF12:
 964 0145 646F7562 		.ascii	"double\000"
 964      6C6500
 965              	.LASF18:
 966 014c 55415254 		.ascii	"UART_DEB_Enable\000"
 966      5F444542 
 966      5F456E61 
 966      626C6500 
 967              	.LASF27:
 968 015c 66756E63 		.ascii	"func\000"
 968      00
 969              	.LASF10:
 970 0161 75696E74 		.ascii	"uint32\000"
 970      333200
ARM GAS  C:\Users\wzh\AppData\Local\Temp\ccM0RiSe.s 			page 26


 971              	.LASF8:
 972 0168 756E7369 		.ascii	"unsigned int\000"
 972      676E6564 
 972      20696E74 
 972      00
 973              	.LASF19:
 974 0175 55415254 		.ascii	"UART_DEB_Start\000"
 974      5F444542 
 974      5F537461 
 974      727400
 975              	.LASF7:
 976 0184 6C6F6E67 		.ascii	"long long unsigned int\000"
 976      206C6F6E 
 976      6720756E 
 976      7369676E 
 976      65642069 
 977              	.LASF31:
 978 019b 55415254 		.ascii	"UART_DEB_customIntrHandler\000"
 978      5F444542 
 978      5F637573 
 978      746F6D49 
 978      6E747248 
 979              	.LASF15:
 980 01b6 63796973 		.ascii	"cyisraddress\000"
 980      72616464 
 980      72657373 
 980      00
 981              	.LASF16:
 982 01c3 73697A65 		.ascii	"sizetype\000"
 982      74797065 
 982      00
 983              	.LASF6:
 984 01cc 6C6F6E67 		.ascii	"long long int\000"
 984      206C6F6E 
 984      6720696E 
 984      7400
 985              	.LASF33:
 986 01da 2E5C4765 		.ascii	".\\Generated_Source\\PSoC4\\UART_DEB.c\000"
 986      6E657261 
 986      7465645F 
 986      536F7572 
 986      63655C50 
 987              	.LASF28:
 988 01fe 55415254 		.ascii	"UART_DEB_ScbEnableIntr\000"
 988      5F444542 
 988      5F536362 
 988      456E6162 
 988      6C65496E 
 989              	.LASF2:
 990 0215 73686F72 		.ascii	"short int\000"
 990      7420696E 
 990      7400
 991              	.LASF22:
 992 021f 55415254 		.ascii	"UART_DEB_SetTxFifoLevel\000"
 992      5F444542 
 992      5F536574 
 992      54784669 
ARM GAS  C:\Users\wzh\AppData\Local\Temp\ccM0RiSe.s 			page 27


 992      666F4C65 
 993              	.LASF4:
 994 0237 6C6F6E67 		.ascii	"long int\000"
 994      20696E74 
 994      00
 995              	.LASF13:
 996 0240 63686172 		.ascii	"char\000"
 996      00
 997              	.LASF0:
 998 0245 7369676E 		.ascii	"signed char\000"
 998      65642063 
 998      68617200 
 999              	.LASF29:
 1000 0251 55415254 		.ascii	"UART_DEB_ScbModeStop\000"
 1000      5F444542 
 1000      5F536362 
 1000      4D6F6465 
 1000      53746F70 
 1001              	.LASF34:
 1002 0266 433A5C55 		.ascii	"C:\\Users\\wzh\\Desktop\\glucose-monitoring\\exampl"
 1002      73657273 
 1002      5C777A68 
 1002      5C446573 
 1002      6B746F70 
 1003 0294 655C424C 		.ascii	"e\\BLE_Battery_Level01\\BLE_Battery_Level01.cydsn\000"
 1003      455F4261 
 1003      74746572 
 1003      795F4C65 
 1003      76656C30 
 1004              		.ident	"GCC: (GNU Tools for ARM Embedded Processors) 4.8.4 20140526 (release) [ARM/embedded-4_8-br
